::1 - - [05/Oct/2023:13:23:55 +0000] "POST /api/v1/categories/150604 HTTP/1.1" 404 164 "-" "PostmanRuntime/7.33.0"
::1 - - [05/Oct/2023:13:23:59 +0000] "GET /api/v1/categories/150604 HTTP/1.1" 200 116 "-" "PostmanRuntime/7.33.0"
::1 - - [05/Oct/2023:13:24:48 +0000] "DELETE /api/v1/categories/asdasd HTTP/1.1" 200 99 "-" "PostmanRuntime/7.33.0"
::1 - - [05/Oct/2023:13:24:55 +0000] "DELETE /api/v1/categories/1 HTTP/1.1" 200 94 "-" "PostmanRuntime/7.33.0"
::1 - - [05/Oct/2023:13:24:59 +0000] "DELETE /api/v1/categories/2542 HTTP/1.1" 200 97 "-" "PostmanRuntime/7.33.0"
::1 - - [05/Oct/2023:13:25:31 +0000] "GET /api/v1/categories/ HTTP/1.1" 200 108 "-" "PostmanRuntime/7.33.0"
::1 - - [05/Oct/2023:13:47:50 +0000] "GET /api/v1/categories HTTP/1.1" 200 108 "-" "PostmanRuntime/7.33.0"
::1 - - [05/Oct/2023:13:49:19 +0000] "GET /api/v1/categories/12 HTTP/1.1" 200 112 "-" "PostmanRuntime/7.33.0"
::1 - - [05/Oct/2023:13:50:02 +0000] "GET /api/v1/categories/ HTTP/1.1" 200 108 "-" "PostmanRuntime/7.33.0"
::1 - - [05/Oct/2023:13:50:29 +0000] "POST /api/v1/categories/ HTTP/1.1" 200 89 "-" "PostmanRuntime/7.33.0"
::1 - - [05/Oct/2023:13:51:06 +0000] "PUT /api/v1/categories/ HTTP/1.1" 404 157 "-" "PostmanRuntime/7.33.0"
::1 - - [05/Oct/2023:13:51:17 +0000] "PUT /api/v1/categories/1 HTTP/1.1" 200 96 "-" "PostmanRuntime/7.33.0"
::1 - - [05/Oct/2023:13:51:20 +0000] "POST /api/v1/categories/ HTTP/1.1" 200 89 "-" "PostmanRuntime/7.33.0"
::1 - - [05/Oct/2023:13:51:22 +0000] "GET /api/v1/categories/12 HTTP/1.1" 200 112 "-" "PostmanRuntime/7.33.0"
::1 - - [05/Oct/2023:13:51:28 +0000] "GET /api/v1/categories/ HTTP/1.1" 200 108 "-" "PostmanRuntime/7.33.0"
::1 - - [05/Oct/2023:13:51:31 +0000] "GET /api/v1/categories/ HTTP/1.1" 200 108 "-" "PostmanRuntime/7.33.0"
::1 - - [05/Oct/2023:13:51:36 +0000] "GET /api/v1/categories/ HTTP/1.1" 200 108 "-" "PostmanRuntime/7.33.0"
::1 - - [05/Oct/2023:13:51:39 +0000] "GET /api/v1/categories/ HTTP/1.1" 200 108 "-" "PostmanRuntime/7.33.0"
::1 - - [05/Oct/2023:13:51:45 +0000] "GET /api/v1/categories/id HTTP/1.1" 200 112 "-" "PostmanRuntime/7.33.0"
::1 - - [05/Oct/2023:13:51:50 +0000] "GET /api/v1/categories/456 HTTP/1.1" 200 113 "-" "PostmanRuntime/7.33.0"
::1 - - [05/Oct/2023:14:03:22 +0000] "DELETE /api/v1/categories/12 HTTP/1.1" 200 95 "-" "PostmanRuntime/7.33.0"
::1 - - [06/Oct/2023:07:11:24 +0000] "POST /api/v1/categories HTTP/1.1" 200 89 "-" "PostmanRuntime/7.33.0"
::1 - - [06/Oct/2023:07:21:29 +0000] "POST /api/v1/categories HTTP/1.1" 200 89 "-" "PostmanRuntime/7.33.0"
::1 - - [06/Oct/2023:07:22:14 +0000] "POST /api/v1/categories HTTP/1.1" 200 89 "-" "PostmanRuntime/7.33.0"
::1 - - [06/Oct/2023:07:22:20 +0000] "POST /api/v1/categories HTTP/1.1" 200 89 "-" "PostmanRuntime/7.33.0"
::1 - - [06/Oct/2023:07:30:00 +0000] "POST /api/v1/categories HTTP/1.1" 400 51 "-" "PostmanRuntime/7.33.0"
::1 - - [06/Oct/2023:07:30:28 +0000] "POST /api/v1/categories HTTP/1.1" 400 51 "-" "PostmanRuntime/7.33.0"
::1 - - [06/Oct/2023:07:31:10 +0000] "POST /api/v1/categories HTTP/1.1" 400 51 "-" "PostmanRuntime/7.33.0"
::1 - - [06/Oct/2023:07:32:46 +0000] "POST /api/v1/categories HTTP/1.1" 400 47 "-" "PostmanRuntime/7.33.0"
::1 - - [06/Oct/2023:07:33:11 +0000] "POST /api/v1/categories HTTP/1.1" 400 32 "-" "PostmanRuntime/7.33.0"
::1 - - [06/Oct/2023:07:33:35 +0000] "POST /api/v1/categories HTTP/1.1" 400 28 "-" "PostmanRuntime/7.33.0"
::1 - - [06/Oct/2023:07:34:37 +0000] "POST /api/v1/categories HTTP/1.1" 400 28 "-" "PostmanRuntime/7.33.0"
::1 - - [06/Oct/2023:07:35:22 +0000] "POST /api/v1/categories HTTP/1.1" 400 28 "-" "PostmanRuntime/7.33.0"
::1 - - [06/Oct/2023:07:35:27 +0000] "POST /api/v1/categories HTTP/1.1" 400 28 "-" "PostmanRuntime/7.33.0"
::1 - - [06/Oct/2023:07:41:28 +0000] "POST /api/v1/categories/ HTTP/1.1" 400 28 "-" "PostmanRuntime/7.33.0"
::1 - - [06/Oct/2023:07:42:56 +0000] "POST /api/v1/categories/ HTTP/1.1" 400 28 "-" "PostmanRuntime/7.33.0"
::1 - - [06/Oct/2023:07:44:17 +0000] "POST /api/v1/categories HTTP/1.1" 400 28 "-" "PostmanRuntime/7.33.0"
::1 - - [06/Oct/2023:07:44:26 +0000] "POST /api/v1/categories HTTP/1.1" 400 28 "-" "PostmanRuntime/7.33.0"
::1 - - [06/Oct/2023:07:44:32 +0000] "POST /api/v1/categories HTTP/1.1" 400 28 "-" "PostmanRuntime/7.33.0"
::1 - - [06/Oct/2023:07:44:35 +0000] "POST /api/v1/categories/ HTTP/1.1" 400 28 "-" "PostmanRuntime/7.33.0"
::1 - - [06/Oct/2023:07:45:11 +0000] "POST /api/v1/categories/ HTTP/1.1" 400 28 "-" "PostmanRuntime/7.33.0"
::1 - - [06/Oct/2023:07:48:57 +0000] "POST /api/v1/categories/ HTTP/1.1" 400 28 "-" "PostmanRuntime/7.33.0"
::1 - - [06/Oct/2023:07:50:21 +0000] "POST /api/v1/categories/ HTTP/1.1" 400 28 "-" "PostmanRuntime/7.33.0"
::1 - - [06/Oct/2023:07:54:16 +0000] "POST /api/v1/categories/ HTTP/1.1" 400 28 "-" "PostmanRuntime/7.33.0"
::1 - - [06/Oct/2023:07:55:22 +0000] "POST /api/v1/categories/ HTTP/1.1" 400 32 "-" "PostmanRuntime/7.33.0"
::1 - - [06/Oct/2023:07:55:48 +0000] "POST /api/v1/categories/ HTTP/1.1" 400 28 "-" "PostmanRuntime/7.33.0"
::1 - - [06/Oct/2023:07:57:21 +0000] "POST /api/v1/categories/ HTTP/1.1" 400 28 "-" "PostmanRuntime/7.33.0"
::1 - - [06/Oct/2023:07:57:26 +0000] "POST /api/v1/categories HTTP/1.1" 400 28 "-" "PostmanRuntime/7.33.0"
::1 - - [06/Oct/2023:08:01:52 +0000] "POST /api/v1/categories/1 HTTP/1.1" 404 159 "-" "PostmanRuntime/7.33.0"
::1 - - [06/Oct/2023:08:02:03 +0000] "POST /api/v1/categories/ HTTP/1.1" 400 28 "-" "PostmanRuntime/7.33.0"
::1 - - [06/Oct/2023:08:02:05 +0000] "POST /api/v1/categories HTTP/1.1" 400 28 "-" "PostmanRuntime/7.33.0"
::1 - - [06/Oct/2023:08:02:06 +0000] "POST /api/v1/categories/ HTTP/1.1" 400 28 "-" "PostmanRuntime/7.33.0"
::1 - - [06/Oct/2023:08:04:18 +0000] "POST /api/v1/categories/ HTTP/1.1" 400 28 "-" "PostmanRuntime/7.33.0"
::1 - - [06/Oct/2023:08:12:07 +0000] "POST /api/v1/categories/ HTTP/1.1" 400 28 "-" "PostmanRuntime/7.33.0"
::1 - - [06/Oct/2023:08:12:21 +0000] "POST /api/v1/categories HTTP/1.1" 400 28 "-" "PostmanRuntime/7.33.0"
::1 - - [06/Oct/2023:08:12:30 +0000] "POST /api/v1/categories HTTP/1.1" 400 28 "-" "PostmanRuntime/7.33.0"
::1 - - [06/Oct/2023:08:21:53 +0000] "GET /api/v1/categories/ HTTP/1.1" 200 71 "-" "PostmanRuntime/7.33.0"
::1 - - [06/Oct/2023:08:22:00 +0000] "GET /api/v1/categories/12 HTTP/1.1" 200 91 "-" "PostmanRuntime/7.33.0"
::1 - - [06/Oct/2023:08:22:07 +0000] "DELETE /api/v1/categories/12 HTTP/1.1" 200 74 "-" "PostmanRuntime/7.33.0"
::1 - - [06/Oct/2023:08:22:25 +0000] "POST /api/v1/categories/ HTTP/1.1" 400 28 "-" "PostmanRuntime/7.33.0"
::1 - - [06/Oct/2023:08:24:08 +0000] "POST /api/v1/categories/ HTTP/1.1" 200 31 "-" "PostmanRuntime/7.33.0"
::1 - - [06/Oct/2023:08:26:16 +0000] "POST /api/v1/categories/ HTTP/1.1" 200 31 "-" "PostmanRuntime/7.33.0"
::1 - - [06/Oct/2023:08:31:45 +0000] "GET /api/v1/categories/ HTTP/1.1" 200 71 "-" "PostmanRuntime/7.33.0"
::1 - - [06/Oct/2023:08:32:05 +0000] "POST /api/v1/categories/ HTTP/1.1" 200 183 "-" "PostmanRuntime/7.33.0"
::1 - - [06/Oct/2023:08:47:55 +0000] "POST /api/v1/categories/ HTTP/1.1" 400 493 "-" "PostmanRuntime/7.33.0"
::1 - - [06/Oct/2023:08:50:02 +0000] "POST /api/v1/categories/ HTTP/1.1" 400 113 "-" "PostmanRuntime/7.33.0"
::1 - - [06/Oct/2023:08:50:33 +0000] "POST /api/v1/categories/ HTTP/1.1" 400 113 "-" "PostmanRuntime/7.33.0"
::1 - - [06/Oct/2023:08:50:48 +0000] "POST /api/v1/categories/ HTTP/1.1" 400 113 "-" "PostmanRuntime/7.33.0"
::1 - - [06/Oct/2023:08:52:01 +0000] "POST /api/v1/categories/ HTTP/1.1" 400 493 "-" "PostmanRuntime/7.33.0"
::1 - - [06/Oct/2023:08:52:47 +0000] "POST /api/v1/categories/ HTTP/1.1" 400 493 "-" "PostmanRuntime/7.33.0"
::1 - - [06/Oct/2023:08:53:01 +0000] "POST /api/v1/categories/ HTTP/1.1" 400 493 "-" "PostmanRuntime/7.33.0"
::1 - - [06/Oct/2023:08:53:37 +0000] "POST /api/v1/categories/ HTTP/1.1" 400 113 "-" "PostmanRuntime/7.33.0"
::1 - - [06/Oct/2023:08:55:02 +0000] "POST /api/v1/categories/ HTTP/1.1" 400 798 "-" "PostmanRuntime/7.33.0"
::1 - - [06/Oct/2023:08:55:49 +0000] "POST /api/v1/categories/ HTTP/1.1" 400 113 "-" "PostmanRuntime/7.33.0"
::1 - - [06/Oct/2023:08:58:57 +0000] "POST /api/v1/categories/ HTTP/1.1" 400 493 "-" "PostmanRuntime/7.33.0"
::1 - - [06/Oct/2023:08:59:12 +0000] "POST /api/v1/categories/ HTTP/1.1" 400 113 "-" "PostmanRuntime/7.33.0"
::1 - - [06/Oct/2023:09:00:33 +0000] "POST /api/v1/categories/ HTTP/1.1" 400 113 "-" "PostmanRuntime/7.33.0"
::1 - - [06/Oct/2023:09:00:41 +0000] "POST /api/v1/categories/ HTTP/1.1" 400 447 "-" "PostmanRuntime/7.33.0"
::1 - - [06/Oct/2023:09:00:54 +0000] "POST /api/v1/categories/ HTTP/1.1" 400 113 "-" "PostmanRuntime/7.33.0"
::1 - - [06/Oct/2023:09:02:01 +0000] "GET /api/v1/categories/12 HTTP/1.1" 200 91 "-" "PostmanRuntime/7.33.0"
::1 - - [06/Oct/2023:09:02:09 +0000] "GET /api/v1/categories/ HTTP/1.1" 200 71 "-" "PostmanRuntime/7.33.0"
::1 - - [06/Oct/2023:09:02:23 +0000] "POST /api/v1/categories/ HTTP/1.1" 400 113 "-" "PostmanRuntime/7.33.0"
::1 - - [06/Oct/2023:09:02:55 +0000] "POST /api/v1/categories/ HTTP/1.1" 400 113 "-" "PostmanRuntime/7.33.0"
::1 - - [06/Oct/2023:09:04:38 +0000] "POST /api/v1/categories/ HTTP/1.1" 400 634 "-" "PostmanRuntime/7.33.0"
::1 - - [06/Oct/2023:09:05:56 +0000] "POST /api/v1/categories/ HTTP/1.1" 400 634 "-" "PostmanRuntime/7.33.0"
::1 - - [06/Oct/2023:09:06:07 +0000] "POST /api/v1/categories/ HTTP/1.1" 400 104 "-" "PostmanRuntime/7.33.0"
::1 - - [06/Oct/2023:09:06:33 +0000] "POST /api/v1/categories/ HTTP/1.1" 400 104 "-" "PostmanRuntime/7.33.0"
::1 - - [06/Oct/2023:09:06:55 +0000] "POST /api/v1/categories HTTP/1.1" 400 113 "-" "PostmanRuntime/7.33.0"
::1 - - [06/Oct/2023:09:06:58 +0000] "POST /api/v1/categories/ HTTP/1.1" 400 113 "-" "PostmanRuntime/7.33.0"
::1 - - [06/Oct/2023:09:07:11 +0000] "POST /api/v1/categories/ HTTP/1.1" 400 113 "-" "PostmanRuntime/7.33.0"
::1 - - [06/Oct/2023:09:07:14 +0000] "POST /api/v1/categories/ HTTP/1.1" 400 113 "-" "PostmanRuntime/7.33.0"
::1 - - [06/Oct/2023:09:07:22 +0000] "POST /api/v1/categories/ HTTP/1.1" 400 113 "-" "PostmanRuntime/7.33.0"
::1 - - [06/Oct/2023:09:07:26 +0000] "POST /api/v1/categories/ HTTP/1.1" 400 113 "-" "PostmanRuntime/7.33.0"
::1 - - [06/Oct/2023:09:07:29 +0000] "POST /api/v1/categories/ HTTP/1.1" 400 113 "-" "PostmanRuntime/7.33.0"
::1 - - [06/Oct/2023:09:08:44 +0000] "POST /api/v1/categories/ HTTP/1.1" 400 113 "-" "PostmanRuntime/7.33.0"
::1 - - [06/Oct/2023:09:08:55 +0000] "POST /api/v1/categories HTTP/1.1" 400 113 "-" "PostmanRuntime/7.33.0"
::1 - - [06/Oct/2023:09:08:58 +0000] "POST /api/v1/categories/ HTTP/1.1" 400 113 "-" "PostmanRuntime/7.33.0"
::1 - - [06/Oct/2023:09:13:13 +0000] "POST /api/v1/categories HTTP/1.1" 400 113 "-" "PostmanRuntime/7.33.0"
::1 - - [06/Oct/2023:09:13:54 +0000] "POST /api/v1/categories HTTP/1.1" 400 113 "-" "PostmanRuntime/7.33.0"
::1 - - [06/Oct/2023:09:20:47 +0000] "POST /api/v1/categories HTTP/1.1" 400 493 "-" "PostmanRuntime/7.33.0"
::1 - - [06/Oct/2023:09:21:30 +0000] "POST /api/v1/categories HTTP/1.1" 200 238 "-" "PostmanRuntime/7.33.0"
::1 - - [06/Oct/2023:09:28:46 +0000] "POST /api/v1/categories HTTP/1.1" 400 493 "-" "PostmanRuntime/7.33.0"
::1 - - [06/Oct/2023:09:28:59 +0000] "POST /api/v1/categories HTTP/1.1" 400 493 "-" "PostmanRuntime/7.33.0"
::1 - - [06/Oct/2023:09:29:46 +0000] "POST /api/v1/categories HTTP/1.1" 400 493 "-" "PostmanRuntime/7.33.0"
::1 - - [06/Oct/2023:09:32:06 +0000] "POST /api/v1/categories HTTP/1.1" 400 493 "-" "PostmanRuntime/7.33.0"
::1 - - [06/Oct/2023:09:32:08 +0000] "POST /api/v1/categories HTTP/1.1" 400 493 "-" "PostmanRuntime/7.33.0"
::1 - - [06/Oct/2023:09:32:49 +0000] "POST /api/v1/categories HTTP/1.1" 400 493 "-" "PostmanRuntime/7.33.0"
::1 - - [06/Oct/2023:09:32:53 +0000] "POST /api/v1/categories HTTP/1.1" 400 493 "-" "PostmanRuntime/7.33.0"
::1 - - [06/Oct/2023:09:33:55 +0000] "POST /api/v1/categories HTTP/1.1" 400 113 "-" "PostmanRuntime/7.33.0"
::1 - - [06/Oct/2023:09:34:07 +0000] "POST /api/v1/categories HTTP/1.1" 400 493 "-" "PostmanRuntime/7.33.0"
::1 - - [06/Oct/2023:09:34:13 +0000] "POST /api/v1/categories HTTP/1.1" 200 235 "-" "PostmanRuntime/7.33.0"
::1 - - [06/Oct/2023:09:34:29 +0000] "POST /api/v1/categories HTTP/1.1" 200 173 "-" "PostmanRuntime/7.33.0"
::1 - - [06/Oct/2023:09:34:57 +0000] "POST /api/v1/categories HTTP/1.1" 400 113 "-" "PostmanRuntime/7.33.0"
::1 - - [06/Oct/2023:09:35:31 +0000] "POST /api/v1/categories HTTP/1.1" 400 113 "-" "PostmanRuntime/7.33.0"
::1 - - [06/Oct/2023:09:35:44 +0000] "POST /api/v1/categories HTTP/1.1" 400 493 "-" "PostmanRuntime/7.33.0"
::1 - - [06/Oct/2023:09:35:51 +0000] "POST /api/v1/categories HTTP/1.1" 400 493 "-" "PostmanRuntime/7.33.0"
::1 - - [06/Oct/2023:09:36:02 +0000] "POST /api/v1/categories HTTP/1.1" 400 118 "-" "PostmanRuntime/7.33.0"
::1 - - [06/Oct/2023:09:36:12 +0000] "POST /api/v1/categories HTTP/1.1" 400 118 "-" "PostmanRuntime/7.33.0"
::1 - - [06/Oct/2023:09:36:15 +0000] "POST /api/v1/categories HTTP/1.1" 400 118 "-" "PostmanRuntime/7.33.0"
::1 - - [06/Oct/2023:09:36:29 +0000] "POST /api/v1/categories HTTP/1.1" 400 493 "-" "PostmanRuntime/7.33.0"
::1 - - [06/Oct/2023:09:36:40 +0000] "POST /api/v1/categories HTTP/1.1" 400 113 "-" "PostmanRuntime/7.33.0"
::1 - - [06/Oct/2023:09:36:46 +0000] "POST /api/v1/categories HTTP/1.1" 400 493 "-" "PostmanRuntime/7.33.0"
::1 - - [06/Oct/2023:09:36:52 +0000] "POST /api/v1/categories HTTP/1.1" 400 118 "-" "PostmanRuntime/7.33.0"
::1 - - [06/Oct/2023:09:36:58 +0000] "POST /api/v1/categories HTTP/1.1" 400 118 "-" "PostmanRuntime/7.33.0"
::1 - - [06/Oct/2023:09:37:54 +0000] "POST /api/v1/categories HTTP/1.1" 400 113 "-" "PostmanRuntime/7.33.0"
::1 - - [06/Oct/2023:09:38:57 +0000] "POST /api/v1/categories HTTP/1.1" 400 113 "-" "PostmanRuntime/7.33.0"
::1 - - [06/Oct/2023:09:39:50 +0000] "POST /api/v1/categories HTTP/1.1" 400 113 "-" "PostmanRuntime/7.33.0"
::1 - - [06/Oct/2023:09:39:58 +0000] "POST /api/v1/categories HTTP/1.1" 400 113 "-" "PostmanRuntime/7.33.0"
::1 - - [06/Oct/2023:09:41:45 +0000] "POST /api/v1/categories HTTP/1.1" 400 798 "-" "PostmanRuntime/7.33.0"
::1 - - [06/Oct/2023:09:42:33 +0000] "POST /api/v1/categories HTTP/1.1" 200 227 "-" "PostmanRuntime/7.33.0"
::1 - - [06/Oct/2023:09:42:49 +0000] "POST /api/v1/categories HTTP/1.1" 400 104 "-" "PostmanRuntime/7.33.0"
::1 - - [06/Oct/2023:09:43:21 +0000] "POST /api/v1/categories HTTP/1.1" 400 112 "-" "PostmanRuntime/7.33.0"
::1 - - [06/Oct/2023:09:43:29 +0000] "POST /api/v1/categories HTTP/1.1" 200 228 "-" "PostmanRuntime/7.33.0"
::1 - - [06/Oct/2023:09:45:58 +0000] "POST /api/v1/categories HTTP/1.1" 400 104 "-" "PostmanRuntime/7.33.0"
::1 - - [06/Oct/2023:09:49:50 +0000] "POST /api/v1/categories HTTP/1.1" 400 104 "-" "PostmanRuntime/7.33.0"
::1 - - [06/Oct/2023:09:50:45 +0000] "POST /api/v1/categories HTTP/1.1" 200 234 "-" "PostmanRuntime/7.33.0"
::1 - - [06/Oct/2023:09:52:59 +0000] "POST /api/v1/categories HTTP/1.1" 400 110 "-" "PostmanRuntime/7.33.0"
::1 - - [06/Oct/2023:09:53:29 +0000] "POST /api/v1/categories HTTP/1.1" 200 226 "-" "PostmanRuntime/7.33.0"
::1 - - [06/Oct/2023:10:06:50 +0000] "GET /api/v1/categories/ HTTP/1.1" 200 848 "-" "PostmanRuntime/7.33.0"
::1 - - [06/Oct/2023:10:07:28 +0000] "GET /api/v1/categories/651fd689755fe0af178f4bda HTTP/1.1" 200 113 "-" "PostmanRuntime/7.33.0"
::1 - - [06/Oct/2023:10:07:34 +0000] "GET /api/v1/categories/333 HTTP/1.1" 200 92 "-" "PostmanRuntime/7.33.0"
::1 - - [06/Oct/2023:10:09:30 +0000] "GET /api/v1/categories/651fd689755fe0af178f4bda HTTP/1.1" 200 227 "-" "PostmanRuntime/7.33.0"
::1 - - [06/Oct/2023:10:11:40 +0000] "GET /api/v1/categories/651fd689755fe0af178f4bda HTTP/1.1" 200 227 "-" "PostmanRuntime/7.33.0"
::1 - - [06/Oct/2023:10:11:58 +0000] "GET /api/v1/categories/33 HTTP/1.1" 400 252 "-" "PostmanRuntime/7.33.0"
::1 - - [06/Oct/2023:10:12:26 +0000] "GET /api/v1/categories/651fd689755fe0af178f4bda HTTP/1.1" 200 227 "-" "PostmanRuntime/7.33.0"
::1 - - [06/Oct/2023:10:13:04 +0000] "GET /api/v1/categories/651fd689755fe0af178f4bd1 HTTP/1.1" 200 28 "-" "PostmanRuntime/7.33.0"
::1 - - [06/Oct/2023:10:13:30 +0000] "GET /api/v1/categories/651fd689755fe0af178f4bd HTTP/1.1" 400 315 "-" "PostmanRuntime/7.33.0"
::1 - - [06/Oct/2023:10:13:32 +0000] "GET /api/v1/categories/651fd689755fe0af178f4bd1 HTTP/1.1" 200 28 "-" "PostmanRuntime/7.33.0"
::1 - - [06/Oct/2023:10:16:35 +0000] "GET /api/v1/categories/651fd689755fe0af178f4bd1 HTTP/1.1" 400 94 "-" "PostmanRuntime/7.33.0"
::1 - - [06/Oct/2023:10:16:45 +0000] "GET /api/v1/categories/651fd689755fe0af178f4bda HTTP/1.1" 200 227 "-" "PostmanRuntime/7.33.0"
::1 - - [06/Oct/2023:10:19:46 +0000] "GET /api/v1/categories/651fd689755fe0af178f4bd1 HTTP/1.1" 200 28 "-" "PostmanRuntime/7.33.0"
::1 - - [06/Oct/2023:10:19:56 +0000] "GET /api/v1/categories/651fd689755fe0af178f4bda HTTP/1.1" 400 94 "-" "PostmanRuntime/7.33.0"
::1 - - [06/Oct/2023:10:20:08 +0000] "GET /api/v1/categories/651fd689755fe0af178f4bda HTTP/1.1" 400 94 "-" "PostmanRuntime/7.33.0"
::1 - - [06/Oct/2023:10:21:15 +0000] "GET /api/v1/categories/651fd689755fe0af178f4bda HTTP/1.1" 200 227 "-" "PostmanRuntime/7.33.0"
::1 - - [06/Oct/2023:10:21:18 +0000] "GET /api/v1/categories/651fd689755fe0af178f4bd1 HTTP/1.1" 400 28 "-" "PostmanRuntime/7.33.0"
::1 - - [06/Oct/2023:10:21:23 +0000] "GET /api/v1/categories/651fd689755fe0af178f4bd HTTP/1.1" 400 315 "-" "PostmanRuntime/7.33.0"
::1 - - [06/Oct/2023:10:21:41 +0000] "GET /api/v1/categories/651fd689755fe0af178f4bda HTTP/1.1" 200 227 "-" "PostmanRuntime/7.33.0"
::1 - - [06/Oct/2023:10:21:56 +0000] "GET /api/v1/categories/651fd689755fe0af178f4bda HTTP/1.1" 200 227 "-" "PostmanRuntime/7.33.0"
::1 - - [06/Oct/2023:10:21:59 +0000] "GET /api/v1/categories/651fd689755fe0af178f4bdw HTTP/1.1" 400 318 "-" "PostmanRuntime/7.33.0"
::1 - - [06/Oct/2023:10:22:07 +0000] "GET /api/v1/categories/651fd689755fe0af178f4bd1 HTTP/1.1" 400 93 "-" "PostmanRuntime/7.33.0"
::1 - - [06/Oct/2023:10:22:11 +0000] "GET /api/v1/categories/651fd689755fe0af178f4bda HTTP/1.1" 200 227 "-" "PostmanRuntime/7.33.0"
::1 - - [06/Oct/2023:10:22:13 +0000] "GET /api/v1/categories/651fd689755fe0af178f4bds HTTP/1.1" 400 318 "-" "PostmanRuntime/7.33.0"
::1 - - [06/Oct/2023:10:22:51 +0000] "GET /api/v1/categories/651fd689755fe0af178f4bd1 HTTP/1.1" 400 97 "-" "PostmanRuntime/7.33.0"
::1 - - [06/Oct/2023:10:22:53 +0000] "GET /api/v1/categories/651fd689755fe0af178f4bda HTTP/1.1" 200 227 "-" "PostmanRuntime/7.33.0"
::1 - - [06/Oct/2023:10:22:57 +0000] "GET /api/v1/categories/651fd689755fe0af178f4 HTTP/1.1" 400 309 "-" "PostmanRuntime/7.33.0"
::1 - - [06/Oct/2023:10:23:01 +0000] "GET /api/v1/categories/651fd689755fe0af178f4bda HTTP/1.1" 200 227 "-" "PostmanRuntime/7.33.0"
::1 - - [06/Oct/2023:10:23:16 +0000] "DELETE /api/v1/categories/12 HTTP/1.1" 200 74 "-" "PostmanRuntime/7.33.0"
::1 - - [06/Oct/2023:10:23:22 +0000] "GET /api/v1/categories/ HTTP/1.1" 200 848 "-" "PostmanRuntime/7.33.0"
::1 - - [06/Oct/2023:10:26:12 +0000] "DELETE /api/v1/categories/12 HTTP/1.1" 400 252 "-" "PostmanRuntime/7.33.0"
::1 - - [06/Oct/2023:10:26:18 +0000] "DELETE /api/v1/categories/651fd6c1755fe0af178f4be0 HTTP/1.1" 200 228 "-" "PostmanRuntime/7.33.0"
::1 - - [06/Oct/2023:10:26:24 +0000] "GET /api/v1/categories/ HTTP/1.1" 200 643 "-" "PostmanRuntime/7.33.0"
::1 - - [06/Oct/2023:10:27:20 +0000] "DELETE /api/v1/categories/651fd6c175 HTTP/1.1" 400 276 "-" "PostmanRuntime/7.33.0"
::1 - - [06/Oct/2023:10:27:45 +0000] "DELETE /api/v1/categories/651fd875755fe0af178f4be7 HTTP/1.1" 400 97 "-" "PostmanRuntime/7.33.0"
::1 - - [06/Oct/2023:10:28:17 +0000] "PUT /api/v1/categories/1 HTTP/1.1" 200 75 "-" "PostmanRuntime/7.33.0"
::1 - - [06/Oct/2023:10:33:00 +0000] "PUT /api/v1/categories/1 HTTP/1.1" 400 249 "-" "PostmanRuntime/7.33.0"
::1 - - [06/Oct/2023:10:33:34 +0000] "PUT /api/v1/categories/651fd689755fe0af178f4bda HTTP/1.1" 200 242 "-" "PostmanRuntime/7.33.0"
::1 - - [06/Oct/2023:10:34:14 +0000] "GET /api/v1/categories/ HTTP/1.1" 200 658 "-" "PostmanRuntime/7.33.0"
::1 - - [06/Oct/2023:10:34:45 +0000] "PUT /api/v1/categories/651fd689755fe0af178f4bda HTTP/1.1" 200 229 "-" "PostmanRuntime/7.33.0"
::1 - - [06/Oct/2023:10:35:02 +0000] "PUT /api/v1/categories/651fd689755fe0af178f4bda HTTP/1.1" 400 686 "-" "PostmanRuntime/7.33.0"
::1 - - [06/Oct/2023:10:35:34 +0000] "PUT /api/v1/categories/651fd689755fe0af178f4bda HTTP/1.1" 200 230 "-" "PostmanRuntime/7.33.0"
::1 - - [06/Oct/2023:10:35:43 +0000] "GET /api/v1/categories/ HTTP/1.1" 200 646 "-" "PostmanRuntime/7.33.0"
::1 - - [06/Oct/2023:10:35:51 +0000] "PUT /api/v1/categories/651fd689755fe0af178f4bda HTTP/1.1" 200 229 "-" "PostmanRuntime/7.33.0"
::1 - - [06/Oct/2023:10:35:55 +0000] "PUT /api/v1/categories/651fd689755fe0af178f4bd1 HTTP/1.1" 400 97 "-" "PostmanRuntime/7.33.0"
::1 - - [06/Oct/2023:10:35:58 +0000] "PUT /api/v1/categories/651fd689755fe0af178f4bda HTTP/1.1" 200 229 "-" "PostmanRuntime/7.33.0"
::1 - - [06/Oct/2023:10:36:28 +0000] "POST /api/v1/categories HTTP/1.1" 200 187 "-" "PostmanRuntime/7.33.0"
::1 - - [06/Oct/2023:10:37:59 +0000] "GET /api/v1/categories/ HTTP/1.1" 200 809 "-" "PostmanRuntime/7.33.0"
::1 - - [06/Oct/2023:10:38:21 +0000] "PUT /api/v1/categories/651fe32ce7626a8f418fd771 HTTP/1.1" 200 187 "-" "PostmanRuntime/7.33.0"
::1 - - [06/Oct/2023:10:40:58 +0000] "GET /api/v1/categories/12 HTTP/1.1" 500 1537 "-" "PostmanRuntime/7.33.0"
::1 - - [06/Oct/2023:10:41:09 +0000] "GET /api/v1/categories/651fe32ce7626a8f418fd771 HTTP/1.1" 200 187 "-" "PostmanRuntime/7.33.0"
::1 - - [06/Oct/2023:10:41:14 +0000] "GET /api/v1/categories/651fe32ce7626a8f418fd7712 HTTP/1.1" 500 1560 "-" "PostmanRuntime/7.33.0"
::1 - - [06/Oct/2023:10:41:38 +0000] "GET /api/v1/categories/651fe32ce7626a8f418 HTTP/1.1" 500 1554 "-" "PostmanRuntime/7.33.0"
::1 - - [06/Oct/2023:10:52:22 +0000] "GET /api/v1/categories/651fe32ce7626a8f418 HTTP/1.1" 500 138 "-" "PostmanRuntime/7.33.0"
::1 - - [06/Oct/2023:10:52:35 +0000] "GET /api/v1/categories/651fe32ce7626a8f418fd771 HTTP/1.1" 200 187 "-" "PostmanRuntime/7.33.0"
::1 - - [06/Oct/2023:10:52:38 +0000] "GET /api/v1/categories/651fe32ce7626a8f418fd772 HTTP/1.1" 400 97 "-" "PostmanRuntime/7.33.0"
::1 - - [06/Oct/2023:10:53:14 +0000] "GET /api/v1/categories/651fe32ce7626a8f418fd772 HTTP/1.1" 400 97 "-" "PostmanRuntime/7.33.0"
::1 - - [06/Oct/2023:10:53:24 +0000] "GET /api/v1/categories/6%D0%B9%D1%8B%D0%B1%D0%B9%D1%8B%D0%B1%D0%B9%D0%B1 HTTP/1.1" 500 136 "-" "PostmanRuntime/7.33.0"
::1 - - [06/Oct/2023:10:54:11 +0000] "GET /api/v1/categories/6%D0%B9%D1%8B%D0%B1%D0%B9%D1%8B%D0%B1%D0%B9%D0%B1 HTTP/1.1" 500 136 "-" "PostmanRuntime/7.33.0"
::1 - - [06/Oct/2023:10:54:24 +0000] "GET /api/v1/categories/6%D0%B9%D1%8B%D0%B1%D0%B9%D1%8B%D0%B1%D0%B9%D0%B1 HTTP/1.1" 500 136 "-" "PostmanRuntime/7.33.0"
::1 - - [06/Oct/2023:10:54:34 +0000] "GET /api/v1/categories/6%D0%B9%D1%8B%D0%B1%D0%B9%D1%8B%D0%B1%D0%B9%D0%B1 HTTP/1.1" 500 136 "-" "PostmanRuntime/7.33.0"
::1 - - [06/Oct/2023:10:54:53 +0000] "GET /api/v1/categories/6%D0%B9%D1%8B%D0%B1%D0%B9%D1%8B%D0%B1%D0%B9%D0%B1 HTTP/1.1" 500 136 "-" "PostmanRuntime/7.33.0"
::1 - - [06/Oct/2023:10:57:38 +0000] "GET /api/v1/categories/ HTTP/1.1" 200 809 "-" "PostmanRuntime/7.33.0"
::1 - - [06/Oct/2023:10:57:45 +0000] "PUT /api/v1/categories/651fe32ce7626a8f418fasdasd HTTP/1.1" 500 145 "-" "PostmanRuntime/7.33.0"
::1 - - [06/Oct/2023:10:57:54 +0000] "PUT /api/v1/categories/651fd689755fe0af178f4bd1 HTTP/1.1" 400 97 "-" "PostmanRuntime/7.33.0"
::1 - - [06/Oct/2023:11:21:03 +0000] "GET /api/v1/categories/651fd689755fe0af178f4bda HTTP/1.1" 200 229 "-" "PostmanRuntime/7.33.0"
::1 - - [06/Oct/2023:11:21:07 +0000] "GET /api/v1/categories/651fd689755fe0af178f4 HTTP/1.1" 500 140 "-" "PostmanRuntime/7.33.0"
::1 - - [06/Oct/2023:11:21:15 +0000] "GET /api/v1/categories/651fd689755fe0af178f4bd1 HTTP/1.1" 400 98 "-" "PostmanRuntime/7.33.0"
::1 - - [06/Oct/2023:11:21:18 +0000] "GET /api/v1/categories/651fd689755fe0af178f4bda HTTP/1.1" 200 229 "-" "PostmanRuntime/7.33.0"
::1 - - [06/Oct/2023:11:21:27 +0000] "GET /api/v1/categories/651fd689755fe0af178f4bda HTTP/1.1" 200 229 "-" "PostmanRuntime/7.33.0"
::1 - - [06/Oct/2023:11:21:38 +0000] "GET /api/v1/categories/651fd689755fe0af178f4bda HTTP/1.1" 200 229 "-" "PostmanRuntime/7.33.0"
::1 - - [06/Oct/2023:11:21:42 +0000] "GET /api/v1/categories/651fd689755fe0af178f4bdb HTTP/1.1" 400 98 "-" "PostmanRuntime/7.33.0"
::1 - - [06/Oct/2023:11:42:55 +0000] "GET /api/v1/categories/651fd689755fe0af178f4bdb HTTP/1.1" 400 107 "-" "PostmanRuntime/7.33.0"
::1 - - [06/Oct/2023:11:43:11 +0000] "DELETE /api/v1/categories/651fd875755fe0af178f4 HTTP/1.1" 500 140 "-" "PostmanRuntime/7.33.0"
::1 - - [06/Oct/2023:11:43:19 +0000] "GET /api/v1/categories/ HTTP/1.1" 200 809 "-" "PostmanRuntime/7.33.0"
::1 - - [06/Oct/2023:11:43:25 +0000] "DELETE /api/v1/categories/651fd689755fe0af178f4bd1 HTTP/1.1" 400 97 "-" "PostmanRuntime/7.33.0"
::1 - - [06/Oct/2023:12:07:52 +0000] "GET /api/v1/categories/ HTTP/1.1" 200 809 "-" "PostmanRuntime/7.33.0"
::1 - - [06/Oct/2023:12:08:03 +0000] "GET /api/v1/categories/651fd689755fe0af178f4bda HTTP/1.1" 200 229 "-" "PostmanRuntime/7.33.0"
::1 - - [06/Oct/2023:12:08:13 +0000] "GET /api/v1/categories/651fd689755fe0af178f4bd1 HTTP/1.1" 400 98 "-" "PostmanRuntime/7.33.0"
::1 - - [06/Oct/2023:12:08:53 +0000] "GET /api/v1/categories/651fd689755fe0af178f4bd1 HTTP/1.1" 403 98 "-" "PostmanRuntime/7.33.0"
::1 - - [06/Oct/2023:12:09:00 +0000] "GET /api/v1/categories/fakmfnoasd HTTP/1.1" 500 129 "-" "PostmanRuntime/7.33.0"
::1 - - [06/Oct/2023:12:09:05 +0000] "GET /api/v1/categories/651fd689755fe0af178f4bda HTTP/1.1" 200 229 "-" "PostmanRuntime/7.33.0"
::1 - - [06/Oct/2023:12:09:08 +0000] "GET /api/v1/categories/651fd689755fe0af178f4bd1 HTTP/1.1" 403 98 "-" "PostmanRuntime/7.33.0"
::1 - - [06/Oct/2023:12:14:50 +0000] "GET /api/v1/categories/ HTTP/1.1" 200 809 "-" "PostmanRuntime/7.33.0"
::1 - - [06/Oct/2023:12:14:52 +0000] "GET /api/v1/categories/651fd689755fe0af178f4bd1 HTTP/1.1" 403 98 "-" "PostmanRuntime/7.33.0"
::1 - - [06/Oct/2023:12:14:59 +0000] "GET /api/v1/categories/651fd689755fe0af178f4bda HTTP/1.1" 200 229 "-" "PostmanRuntime/7.33.0"
::1 - - [06/Oct/2023:12:15:04 +0000] "GET /api/v1/categories/651fd444 HTTP/1.1" 500 127 "-" "PostmanRuntime/7.33.0"
::1 - - [06/Oct/2023:12:15:16 +0000] "POST /api/v1/categories HTTP/1.1" 500 135 "-" "PostmanRuntime/7.33.0"
::1 - - [06/Oct/2023:12:15:29 +0000] "POST /api/v1/categories HTTP/1.1" 200 167 "-" "PostmanRuntime/7.33.0"
::1 - - [06/Oct/2023:12:15:46 +0000] "PUT /api/v1/categories/651fd689755fe0af178f4bda HTTP/1.1" 200 230 "-" "PostmanRuntime/7.33.0"
::1 - - [06/Oct/2023:12:15:50 +0000] "PUT /api/v1/categories/651fd689755fe0af178f4 HTTP/1.1" 500 140 "-" "PostmanRuntime/7.33.0"
::1 - - [06/Oct/2023:12:15:59 +0000] "PUT /api/v1/categories/651fd689755fe0af178f4bda HTTP/1.1" 200 230 "-" "PostmanRuntime/7.33.0"
::1 - - [06/Oct/2023:12:16:02 +0000] "PUT /api/v1/categories/651fd689755fe0af178f4bd1 HTTP/1.1" 400 99 "-" "PostmanRuntime/7.33.0"
::1 - - [06/Oct/2023:12:16:07 +0000] "PUT /api/v1/categories/651fd689755fe0af178f4bda HTTP/1.1" 200 230 "-" "PostmanRuntime/7.33.0"
::1 - - [06/Oct/2023:12:16:10 +0000] "PUT /api/v1/categories/651fd689755fe0af178f4bda HTTP/1.1" 200 229 "-" "PostmanRuntime/7.33.0"
::1 - - [06/Oct/2023:12:18:42 +0000] "GET /api/v1/categories/651fd689755fe0af178f4bda HTTP/1.1" 200 229 "-" "PostmanRuntime/7.33.0"
::1 - - [06/Oct/2023:12:18:45 +0000] "GET /api/v1/categories/651fd689755fe0af178f4bd1 HTTP/1.1" 403 98 "-" "PostmanRuntime/7.33.0"
::1 - - [06/Oct/2023:12:18:51 +0000] "GET /api/v1/categories/gggerg HTTP/1.1" 500 125 "-" "PostmanRuntime/7.33.0"
::1 - - [06/Oct/2023:12:20:12 +0000] "GET /api/v1/categories/651fd689755fe0af178f4bd1 HTTP/1.1" 400 100 "-" "PostmanRuntime/7.33.0"
::1 - - [06/Oct/2023:12:29:34 +0000] "GET /api/v1/categories/651fd689755fe0af178f4bd1 HTTP/1.1" 400 100 "-" "PostmanRuntime/7.33.0"
::1 - - [06/Oct/2023:12:29:38 +0000] "GET /api/v1/categories/651fd689755fe0af178f4bd11 HTTP/1.1" 500 144 "-" "PostmanRuntime/7.33.0"
::1 - - [06/Oct/2023:12:30:18 +0000] "GET /api/v1/categories/651fd689755fe0af178f4bda HTTP/1.1" 200 229 "-" "PostmanRuntime/7.33.0"
::1 - - [06/Oct/2023:12:30:20 +0000] "GET /api/v1/categories/651fd689755fe0af178f4bda11 HTTP/1.1" 500 145 "-" "PostmanRuntime/7.33.0"
::1 - - [06/Oct/2023:12:32:16 +0000] "GET /api/v1/categories/651fd689755fe0af178f4bda11 HTTP/1.1" 400 80 "-" "PostmanRuntime/7.33.0"
::1 - - [06/Oct/2023:12:32:57 +0000] "POST /api/v1/categories HTTP/1.1" 500 189 "-" "PostmanRuntime/7.33.0"
::1 - - [06/Oct/2023:12:34:12 +0000] "POST /api/v1/categories HTTP/1.1" 500 798 "-" "PostmanRuntime/7.33.0"
::1 - - [06/Oct/2023:12:35:16 +0000] "GET /api/v1/categories/651fd689755fe0af178f4bda11 HTTP/1.1" 400 259 "-" "PostmanRuntime/7.33.0"
::1 - - [06/Oct/2023:12:39:25 +0000] "POST /api/v1/categories HTTP/1.1" 500 493 "-" "PostmanRuntime/7.33.0"
::1 - - [06/Oct/2023:12:40:12 +0000] "POST /api/v1/categories HTTP/1.1" 200 182 "-" "PostmanRuntime/7.33.0"
::1 - - [06/Oct/2023:12:40:56 +0000] "POST /api/v1/categories HTTP/1.1" 500 104 "-" "PostmanRuntime/7.33.0"
::1 - - [06/Oct/2023:12:42:53 +0000] "POST /api/v1/categories HTTP/1.1" 400 121 "-" "PostmanRuntime/7.33.0"
::1 - - [06/Oct/2023:12:44:08 +0000] "POST /api/v1/categories HTTP/1.1" 500 208 "-" "PostmanRuntime/7.33.0"
::1 - - [06/Oct/2023:12:44:48 +0000] "POST /api/v1/categories HTTP/1.1" 400 208 "-" "PostmanRuntime/7.33.0"
::1 - - [06/Oct/2023:12:45:57 +0000] "POST /api/v1/categories HTTP/1.1" 400 208 "-" "PostmanRuntime/7.33.0"
::1 - - [06/Oct/2023:12:48:25 +0000] "GET /api/v1/categories/ HTTP/1.1" 200 1112 "-" "PostmanRuntime/7.33.0"
::1 - - [06/Oct/2023:13:17:10 +0000] "GET /api/v1/categories/ HTTP/1.1" 200 1112 "-" "PostmanRuntime/7.33.0"
::1 - - [06/Oct/2023:13:26:35 +0000] "GET /api/v1/categories/ HTTP/1.1" 200 26 "-" "PostmanRuntime/7.33.0"
::1 - - [06/Oct/2023:13:27:04 +0000] "GET /api/v1/categories/ HTTP/1.1" 200 1112 "-" "PostmanRuntime/7.33.0"
::1 - - [06/Oct/2023:13:27:38 +0000] "DELETE /api/v1/categories/651fd689755fe0af178f4bda HTTP/1.1" 200 229 "-" "PostmanRuntime/7.33.0"
::1 - - [06/Oct/2023:13:27:46 +0000] "DELETE /api/v1/categories/651fd875755fe0af178f4be6 HTTP/1.1" 200 234 "-" "PostmanRuntime/7.33.0"
::1 - - [06/Oct/2023:13:27:48 +0000] "GET /api/v1/categories/ HTTP/1.1" 200 695 "-" "PostmanRuntime/7.33.0"
::1 - - [06/Oct/2023:13:30:24 +0000] "GET /api/v1/categories/ HTTP/1.1" 200 1112 "-" "PostmanRuntime/7.33.0"
::1 - - [06/Oct/2023:13:30:42 +0000] "DELETE /api/v1/categories/651fd918755fe0af178f4bea HTTP/1.1" 200 226 "-" "PostmanRuntime/7.33.0"
::1 - - [06/Oct/2023:13:30:46 +0000] "DELETE /api/v1/categories/651fe32ce7626a8f418fd771 HTTP/1.1" 200 187 "-" "PostmanRuntime/7.33.0"
::1 - - [06/Oct/2023:13:30:53 +0000] "DELETE /api/v1/categories/651ffa608e3ce0e8f718a8c9 HTTP/1.1" 200 167 "-" "PostmanRuntime/7.33.0"
::1 - - [06/Oct/2023:13:30:57 +0000] "DELETE /api/v1/categories/6520002b35d11b42d6500867 HTTP/1.1" 200 182 "-" "PostmanRuntime/7.33.0"
::1 - - [06/Oct/2023:13:31:02 +0000] "DELETE /api/v1/categories/651fd875755fe0af178f4be6 HTTP/1.1" 200 234 "-" "PostmanRuntime/7.33.0"
::1 - - [06/Oct/2023:13:31:06 +0000] "DELETE /api/v1/categories/651fd689755fe0af178f4bda HTTP/1.1" 200 229 "-" "PostmanRuntime/7.33.0"
::1 - - [06/Oct/2023:13:31:08 +0000] "GET /api/v1/categories/ HTTP/1.1" 200 26 "-" "PostmanRuntime/7.33.0"
::1 - - [06/Oct/2023:13:31:11 +0000] "GET /api/v1/categories/ HTTP/1.1" 200 26 "-" "PostmanRuntime/7.33.0"
::1 - - [06/Oct/2023:13:31:14 +0000] "DELETE /api/v1/categories/651fd689755fe0af178f4bda HTTP/1.1" 500 28 "-" "PostmanRuntime/7.33.0"
::1 - - [06/Oct/2023:13:33:25 +0000] "GET /api/v1/categories/ HTTP/1.1" 200 1112 "-" "PostmanRuntime/7.33.0"
::1 - - [06/Oct/2023:13:33:44 +0000] "DELETE /api/v1/categories/651fd689755fe0af178f4bda HTTP/1.1" 200 229 "-" "PostmanRuntime/7.33.0"
::1 - - [06/Oct/2023:13:33:54 +0000] "GET /api/v1/categories/ HTTP/1.1" 200 906 "-" "PostmanRuntime/7.33.0"
::1 - - [06/Oct/2023:13:46:25 +0000] "POST /api/v1/categories HTTP/1.1" 200 189 "-" "PostmanRuntime/7.33.0"
::1 - - [06/Oct/2023:13:52:52 +0000] "POST /api/v1/categories HTTP/1.1" 200 205 "-" "PostmanRuntime/7.33.0"
::1 - - [06/Oct/2023:13:53:22 +0000] "POST /api/v1/categories HTTP/1.1" 200 195 "-" "PostmanRuntime/7.33.0"
::1 - - [06/Oct/2023:13:53:47 +0000] "POST /api/v1/categories HTTP/1.1" 200 207 "-" "PostmanRuntime/7.33.0"
::1 - - [06/Oct/2023:13:55:10 +0000] "POST /api/v1/categories HTTP/1.1" 200 297 "-" "PostmanRuntime/7.33.0"
::1 - - [06/Oct/2023:13:55:25 +0000] "GET /api/v1/categories/ HTTP/1.1" 200 2090 "-" "PostmanRuntime/7.33.0"
::1 - - [06/Oct/2023:13:58:45 +0000] "GET /api/v1/categories/ HTTP/1.1" 200 1226 "-" "PostmanRuntime/7.33.0"
