::1 - - [18/Oct/2023:07:15:17 +0000] "POST /api/v1/users/forget.password HTTP/1.1" 500 60 "-" "PostmanRuntime/7.33.0"
::1 - - [18/Oct/2023:07:17:16 +0000] "POST /api/v1/users/forget.password HTTP/1.1" 200 26 "-" "PostmanRuntime/7.33.0"
::1 - - [18/Oct/2023:07:18:11 +0000] "POST /api/v1/users/forget.password HTTP/1.1" 200 26 "-" "PostmanRuntime/7.33.0"
::1 - - [18/Oct/2023:07:18:18 +0000] "POST /api/v1/users/forget.password HTTP/1.1" 200 26 "-" "PostmanRuntime/7.33.0"
::1 - - [18/Oct/2023:07:19:35 +0000] "POST /api/v1/users/forget.password HTTP/1.1" 200 66 "-" "PostmanRuntime/7.33.0"
::1 - - [18/Oct/2023:07:20:42 +0000] "POST /api/v1/users/forget.password HTTP/1.1" 200 66 "-" "PostmanRuntime/7.33.0"
::1 - - [18/Oct/2023:07:21:41 +0000] "POST /api/v1/users/forget.password HTTP/1.1" 200 66 "-" "PostmanRuntime/7.33.0"
::1 - - [18/Oct/2023:07:21:44 +0000] "POST /api/v1/users/forget.password HTTP/1.1" 200 66 "-" "PostmanRuntime/7.33.0"
::1 - - [18/Oct/2023:07:25:54 +0000] "POST /api/v1/users/forget.password HTTP/1.1" 200 66 "-" "PostmanRuntime/7.33.0"
::1 - - [18/Oct/2023:07:26:46 +0000] "POST /api/v1/users/forget.password HTTP/1.1" 200 66 "-" "PostmanRuntime/7.33.0"
::1 - - [18/Oct/2023:07:27:06 +0000] "POST /api/v1/users/forget.password HTTP/1.1" 200 66 "-" "PostmanRuntime/7.33.0"
::1 - - [18/Oct/2023:07:40:17 +0000] "POST /api/v1/users/forget.password HTTP/1.1" 200 72 "-" "PostmanRuntime/7.33.0"
::1 - - [18/Oct/2023:07:40:49 +0000] "POST /api/v1/users/forget.password HTTP/1.1" 200 72 "-" "PostmanRuntime/7.33.0"
::1 - - [18/Oct/2023:07:43:54 +0000] "POST /api/v1/users/forget.password HTTP/1.1" 200 72 "-" "PostmanRuntime/7.33.0"
::1 - - [18/Oct/2023:08:37:10 +0000] "POST /api/v1/users/forget.password HTTP/1.1" 200 408 "-" "PostmanRuntime/7.33.0"
::1 - - [18/Oct/2023:08:39:23 +0000] "POST /api/v1/users/forget.password HTTP/1.1" 200 408 "-" "PostmanRuntime/7.33.0"
::1 - - [18/Oct/2023:09:08:20 +0000] "POST /api/v1/users/forget.password HTTP/1.1" 200 408 "-" "PostmanRuntime/7.33.0"
::1 - - [18/Oct/2023:09:13:26 +0000] "POST /api/v1/users/forget.password HTTP/1.1" 200 506 "-" "PostmanRuntime/7.33.0"
::1 - - [18/Oct/2023:09:15:01 +0000] "POST /api/v1/users/forget.password HTTP/1.1" 200 72 "-" "PostmanRuntime/7.33.0"
::1 - - [18/Oct/2023:09:49:32 +0000] "POST /api/v1/users/forget.password HTTP/1.1" 200 72 "-" "PostmanRuntime/7.33.0"
::1 - - [18/Oct/2023:09:49:45 +0000] "POST /api/v1/users/reset.password HTTP/1.1" 500 99 "-" "PostmanRuntime/7.33.0"
::1 - - [18/Oct/2023:09:50:25 +0000] "POST /api/v1/users/reset.password HTTP/1.1" 500 96 "-" "PostmanRuntime/7.33.0"
::1 - - [18/Oct/2023:09:51:02 +0000] "POST /api/v1/users/forget.password HTTP/1.1" 200 72 "-" "PostmanRuntime/7.33.0"
::1 - - [18/Oct/2023:09:51:07 +0000] "POST /api/v1/users/reset.password HTTP/1.1" 500 96 "-" "PostmanRuntime/7.33.0"
::1 - - [18/Oct/2023:09:51:25 +0000] "POST /api/v1/users/reset.password HTTP/1.1" 500 96 "-" "PostmanRuntime/7.33.0"
::1 - - [18/Oct/2023:09:52:53 +0000] "POST /api/v1/users/reset.password HTTP/1.1" 500 96 "-" "PostmanRuntime/7.33.0"
::1 - - [18/Oct/2023:09:55:21 +0000] "POST /api/v1/users/reset.password HTTP/1.1" 200 458 "-" "PostmanRuntime/7.33.0"
::1 - - [18/Oct/2023:09:55:49 +0000] "GET /api/v1/users/652d411aed5e3b1340954617 HTTP/1.1" 200 178 "-" "PostmanRuntime/7.33.0"
::1 - - [18/Oct/2023:09:56:05 +0000] "POST /api/v1/users/login HTTP/1.1" 401 115 "-" "PostmanRuntime/7.33.0"
::1 - - [18/Oct/2023:09:56:10 +0000] "POST /api/v1/users/login HTTP/1.1" 200 458 "-" "PostmanRuntime/7.33.0"
::1 - - [19/Oct/2023:14:55:10 +0000] "GET /api/v1/categories/65253cb1caca6f7754d0b1ef HTTP/1.1" 200 352 "-" "PostmanRuntime/7.33.0"
::1 - - [19/Oct/2023:15:22:12 +0000] "GET /api/v1/categories/65253cb1caca6f7754d0b1ef HTTP/1.1" 200 352 "-" "PostmanRuntime/7.33.0"
::1 - - [19/Oct/2023:15:22:30 +0000] "GET /api/v1/categories/65253cb1caca6f7754d0b1ef HTTP/1.1" 200 352 "-" "PostmanRuntime/7.33.0"
::1 - - [19/Oct/2023:15:24:17 +0000] "GET /api/v1/categories/65253cb1caca6f7754d0b1ef HTTP/1.1" 200 352 "-" "PostmanRuntime/7.33.0"
::1 - - [19/Oct/2023:15:26:17 +0000] "GET /api/v1/categories/65253cb1caca6f7754d0b1ef HTTP/1.1" 200 352 "-" "PostmanRuntime/7.33.0"
::1 - - [19/Oct/2023:15:26:36 +0000] "GET /api/v1/categories/65253cb1caca6f7754d0b1ef HTTP/1.1" 200 352 "-" "PostmanRuntime/7.33.0"
::1 - - [20/Oct/2023:06:26:41 +0000] "POST /api/v1/users/login HTTP/1.1" 200 439 "-" "PostmanRuntime/7.33.0"
::1 - - [20/Oct/2023:06:27:04 +0000] "GET /api/v1/books/ HTTP/1.1" 200 7157 "-" "PostmanRuntime/7.33.0"
::1 - - [20/Oct/2023:06:36:24 +0000] "GET /api/v1/comments HTTP/1.1" 404 154 "-" "PostmanRuntime/7.33.0"
::1 - - [20/Oct/2023:06:36:34 +0000] "POST /api/v1/comments HTTP/1.1" 403 155 "-" "PostmanRuntime/7.33.0"
::1 - - [20/Oct/2023:06:36:55 +0000] "POST /api/v1/comments HTTP/1.1" 500 826 "-" "PostmanRuntime/7.33.0"
::1 - - [20/Oct/2023:06:46:47 +0000] "POST /api/v1/comments HTTP/1.1" 500 826 "-" "PostmanRuntime/7.33.0"
::1 - - [20/Oct/2023:06:46:59 +0000] "POST /api/v1/comments HTTP/1.1" 500 780 "-" "PostmanRuntime/7.33.0"
::1 - - [20/Oct/2023:06:48:31 +0000] "POST /api/v1/comments HTTP/1.1" 500 780 "-" "PostmanRuntime/7.33.0"
::1 - - [20/Oct/2023:07:36:15 +0000] "POST /api/v1/comments HTTP/1.1" 500 1178 "-" "PostmanRuntime/7.33.0"
::1 - - [20/Oct/2023:07:36:29 +0000] "POST /api/v1/users/login HTTP/1.1" 200 439 "-" "PostmanRuntime/7.33.0"
::1 - - [20/Oct/2023:07:36:39 +0000] "POST /api/v1/comments HTTP/1.1" 500 1178 "-" "PostmanRuntime/7.33.0"
::1 - - [20/Oct/2023:07:36:45 +0000] "POST /api/v1/comments HTTP/1.1" 500 1178 "-" "PostmanRuntime/7.33.0"
::1 - - [20/Oct/2023:07:49:34 +0000] "POST /api/v1/comments HTTP/1.1" 500 780 "-" "PostmanRuntime/7.33.0"
::1 - - [20/Oct/2023:07:49:42 +0000] "POST /api/v1/users/login HTTP/1.1" 200 439 "-" "PostmanRuntime/7.33.0"
::1 - - [20/Oct/2023:07:49:44 +0000] "GET /api/v1/books/ HTTP/1.1" 200 7157 "-" "PostmanRuntime/7.33.0"
::1 - - [20/Oct/2023:07:49:54 +0000] "POST /api/v1/comment HTTP/1.1" 404 154 "-" "PostmanRuntime/7.33.0"
::1 - - [20/Oct/2023:07:49:57 +0000] "POST /api/v1/comments HTTP/1.1" 500 780 "-" "PostmanRuntime/7.33.0"
::1 - - [20/Oct/2023:07:51:12 +0000] "POST /api/v1/comments HTTP/1.1" 500 780 "-" "PostmanRuntime/7.33.0"
::1 - - [20/Oct/2023:07:51:59 +0000] "POST /api/v1/users/login HTTP/1.1" 200 439 "-" "PostmanRuntime/7.33.0"
::1 - - [20/Oct/2023:07:52:01 +0000] "POST /api/v1/comments HTTP/1.1" 500 434 "-" "PostmanRuntime/7.33.0"
::1 - - [20/Oct/2023:07:52:41 +0000] "POST /api/v1/comments HTTP/1.1" 200 153 "-" "PostmanRuntime/7.33.0"
::1 - - [20/Oct/2023:07:53:04 +0000] "POST /api/v1/comments HTTP/1.1" 200 166 "-" "PostmanRuntime/7.33.0"
::1 - - [20/Oct/2023:07:53:11 +0000] "POST /api/v1/comments HTTP/1.1" 200 166 "-" "PostmanRuntime/7.33.0"
::1 - - [20/Oct/2023:07:53:22 +0000] "POST /api/v1/comments HTTP/1.1" 500 1732 "-" "PostmanRuntime/7.33.0"
::1 - - [20/Oct/2023:07:53:35 +0000] "POST /api/v1/comments HTTP/1.1" 500 1732 "-" "PostmanRuntime/7.33.0"
::1 - - [20/Oct/2023:07:56:20 +0000] "POST /api/v1/comments HTTP/1.1" 500 1732 "-" "PostmanRuntime/7.33.0"
::1 - - [20/Oct/2023:07:58:05 +0000] "POST /api/v1/comments HTTP/1.1" 200 192 "-" "PostmanRuntime/7.33.0"
::1 - - [20/Oct/2023:07:58:11 +0000] "POST /api/v1/comments HTTP/1.1" 200 158 "-" "PostmanRuntime/7.33.0"
::1 - - [20/Oct/2023:07:58:17 +0000] "POST /api/v1/comments HTTP/1.1" 200 162 "-" "PostmanRuntime/7.33.0"
::1 - - [20/Oct/2023:07:58:25 +0000] "POST /api/v1/comments HTTP/1.1" 200 157 "-" "PostmanRuntime/7.33.0"
::1 - - [21/Oct/2023:08:51:26 +0000] "POST /api/v1/users/login HTTP/1.1" 200 439 "-" "PostmanRuntime/7.33.0"
::1 - - [21/Oct/2023:08:51:29 +0000] "POST /api/v1/comments HTTP/1.1" 200 157 "-" "PostmanRuntime/7.33.0"
::1 - - [21/Oct/2023:08:58:58 +0000] "PUT /api/v1/comments/1 HTTP/1.1" 500 72 "-" "PostmanRuntime/7.33.0"
::1 - - [21/Oct/2023:09:04:14 +0000] "PUT /api/v1/comments/20 HTTP/1.1" 400 106 "-" "PostmanRuntime/7.33.0"
::1 - - [21/Oct/2023:09:04:29 +0000] "PUT /api/v1/comments/4 HTTP/1.1" 400 105 "-" "PostmanRuntime/7.33.0"
::1 - - [21/Oct/2023:09:04:59 +0000] "PUT /api/v1/comments/5 HTTP/1.1" 400 105 "-" "PostmanRuntime/7.33.0"
::1 - - [21/Oct/2023:09:05:10 +0000] "PUT /api/v1/comments/7 HTTP/1.1" 500 72 "-" "PostmanRuntime/7.33.0"
::1 - - [21/Oct/2023:09:05:44 +0000] "PUT /api/v1/comments/11 HTTP/1.1" 500 72 "-" "PostmanRuntime/7.33.0"
::1 - - [21/Oct/2023:09:08:49 +0000] "DELETE /api/v1/comments/11 HTTP/1.1" 200 234 "-" "PostmanRuntime/7.33.0"
::1 - - [21/Oct/2023:09:11:47 +0000] "GET /api/v1/comments/1 HTTP/1.1" 200 168 "-" "PostmanRuntime/7.33.0"
::1 - - [21/Oct/2023:09:11:50 +0000] "GET /api/v1/comments/2 HTTP/1.1" 200 162 "-" "PostmanRuntime/7.33.0"
::1 - - [21/Oct/2023:09:11:54 +0000] "GET /api/v1/comments/3 HTTP/1.1" 200 162 "-" "PostmanRuntime/7.33.0"
::1 - - [21/Oct/2023:09:11:57 +0000] "GET /api/v1/comments/4 HTTP/1.1" 400 105 "-" "PostmanRuntime/7.33.0"
::1 - - [21/Oct/2023:09:12:26 +0000] "POST /api/v1/users/login HTTP/1.1" 200 446 "-" "PostmanRuntime/7.33.0"
::1 - - [21/Oct/2023:09:12:33 +0000] "DELETE /api/v1/comments/1 HTTP/1.1" 403 150 "-" "PostmanRuntime/7.33.0"
::1 - - [21/Oct/2023:09:12:49 +0000] "POST /api/v1/users/login HTTP/1.1" 200 457 "-" "PostmanRuntime/7.33.0"
::1 - - [21/Oct/2023:09:12:54 +0000] "GET /api/v1/comments/4 HTTP/1.1" 400 105 "-" "PostmanRuntime/7.33.0"
::1 - - [21/Oct/2023:09:12:57 +0000] "GET /api/v1/comments/1 HTTP/1.1" 200 168 "-" "PostmanRuntime/7.33.0"
::1 - - [21/Oct/2023:09:13:15 +0000] "PUT /api/v1/comments/1 HTTP/1.1" 500 72 "-" "PostmanRuntime/7.33.0"
::1 - - [21/Oct/2023:09:20:01 +0000] "PUT /api/v1/comments/1 HTTP/1.1" 200 151 "-" "PostmanRuntime/7.33.0"
::1 - - [21/Oct/2023:09:35:23 +0000] "GET /api/v1/comments HTTP/1.1" 200 84 "-" "PostmanRuntime/7.33.0"
::1 - - [21/Oct/2023:09:36:49 +0000] "GET /api/v1/comments?select=name%20price%20createUser&page=1&limit=10 HTTP/1.1" 200 84 "-" "PostmanRuntime/7.33.0"
::1 - - [21/Oct/2023:09:36:52 +0000] "GET /api/v1/comments?select=name%20price%20createUser&page=1&limit=10 HTTP/1.1" 200 84 "-" "PostmanRuntime/7.33.0"
::1 - - [21/Oct/2023:09:36:58 +0000] "GET /api/v1/comments?select=id&page=1&limit=10 HTTP/1.1" 200 84 "-" "PostmanRuntime/7.33.0"
::1 - - [21/Oct/2023:09:37:14 +0000] "GET /api/v1/comments?select=id&page=1&limit=10 HTTP/1.1" 200 1051 "-" "PostmanRuntime/7.33.0"
::1 - - [21/Oct/2023:09:38:00 +0000] "GET /api/v1/comments?select=id&page=1&limit=10 HTTP/1.1" 200 94 "-" "PostmanRuntime/7.33.0"
::1 - - [21/Oct/2023:09:38:18 +0000] "GET /api/v1/comments?select=id&page=1&limit=10 HTTP/1.1" 200 94 "-" "PostmanRuntime/7.33.0"
::1 - - [21/Oct/2023:09:38:51 +0000] "GET /api/v1/comments?select=name%20price%20createUser&page=1&limit=10 HTTP/1.1" 200 94 "-" "PostmanRuntime/7.33.0"
::1 - - [21/Oct/2023:09:38:53 +0000] "GET /api/v1/comments?select=name%20price%20createUser&page=1&limit=10 HTTP/1.1" 200 94 "-" "PostmanRuntime/7.33.0"
::1 - - [21/Oct/2023:09:40:02 +0000] "GET /api/v1/comments?select=name%20price&sort=-price&page=1 HTTP/1.1" 200 94 "-" "PostmanRuntime/7.33.0"
::1 - - [21/Oct/2023:09:40:37 +0000] "GET /api/v1/comments?select=name%20price&sort=-price&page=1 HTTP/1.1" 200 26 "-" "PostmanRuntime/7.33.0"
::1 - - [21/Oct/2023:09:42:37 +0000] "GET /api/v1/comments?select=name%20price&sort=-price&page=1 HTTP/1.1" 200 1065 "-" "PostmanRuntime/7.33.0"
::1 - - [21/Oct/2023:09:43:21 +0000] "GET /api/v1/comments?select=name%20price&sort=-price&userId=1&page=1 HTTP/1.1" 200 808 "-" "PostmanRuntime/7.33.0"
::1 - - [21/Oct/2023:09:44:14 +0000] "GET /api/v1/comments?select=name%20price&sort=-price&userId=2&page=1 HTTP/1.1" 200 388 "-" "PostmanRuntime/7.33.0"
::1 - - [21/Oct/2023:09:44:19 +0000] "GET /api/v1/comments?select=name%20price&sort=-price&userId=3&page=1 HTTP/1.1" 200 120 "-" "PostmanRuntime/7.33.0"
::1 - - [21/Oct/2023:09:44:29 +0000] "GET /api/v1/comments?select=name%20price&sort=-price&userId=2&page=1 HTTP/1.1" 200 388 "-" "PostmanRuntime/7.33.0"
::1 - - [21/Oct/2023:09:50:01 +0000] "GET /api/v1/comments?select=name%20price&sort=-price&userId=2&page=1 HTTP/1.1" 200 413 "-" "PostmanRuntime/7.33.0"
::1 - - [21/Oct/2023:09:50:17 +0000] "GET /api/v1/comments?select=name%20price%20createAt&sort=-price&userId=2&page=1 HTTP/1.1" 200 424 "-" "PostmanRuntime/7.33.0"
::1 - - [21/Oct/2023:09:53:40 +0000] "GET /api/v1/comments?select=name%20price%20createAt&sort=-price&userId=2&page=1 HTTP/1.1" 500 591 "-" "PostmanRuntime/7.33.0"
::1 - - [21/Oct/2023:09:54:03 +0000] "GET /api/v1/comments?select=userId%20bookId%20comment&sort=-price&userId=2&page=1 HTTP/1.1" 500 606 "-" "PostmanRuntime/7.33.0"
::1 - - [21/Oct/2023:09:54:08 +0000] "GET /api/v1/comments?select=userId%20bookId%20comments&userId=2&page=1 HTTP/1.1" 200 512 "-" "PostmanRuntime/7.33.0"
::1 - - [21/Oct/2023:09:54:28 +0000] "GET /api/v1/comments?select=userId%20bookId%20comments&sort=-userId&userId=2&page=1 HTTP/1.1" 200 512 "-" "PostmanRuntime/7.33.0"
::1 - - [21/Oct/2023:09:55:02 +0000] "GET /api/v1/comments?select=userId%20bookId%20comments&sort=-userId&userId=2&page=1 HTTP/1.1" 500 59 "-" "PostmanRuntime/7.33.0"
::1 - - [21/Oct/2023:09:55:08 +0000] "GET /api/v1/comments?select=userId%20bookId%20comments&userId=2&page=1 HTTP/1.1" 500 59 "-" "PostmanRuntime/7.33.0"
::1 - - [21/Oct/2023:09:55:13 +0000] "GET /api/v1/comments?select=userId%20bookId%20comments&userId=1&page=1 HTTP/1.1" 500 59 "-" "PostmanRuntime/7.33.0"
::1 - - [21/Oct/2023:09:55:47 +0000] "GET /api/v1/comments?select=userId%20bookId%20comments&sort=-userId&userId=1&page=1&limit=10 HTTP/1.1" 500 59 "-" "PostmanRuntime/7.33.0"
::1 - - [21/Oct/2023:09:56:01 +0000] "GET /api/v1/comments?select=userId%20bookId%20comments&sort=-userId&userId=1&page=1&limit=10 HTTP/1.1" 200 437 "-" "PostmanRuntime/7.33.0"
::1 - - [21/Oct/2023:09:56:09 +0000] "GET /api/v1/comments?select=userId%20bookId%20comments&sort=-userId&userId=2&page=1&limit=10 HTTP/1.1" 200 271 "-" "PostmanRuntime/7.33.0"
::1 - - [21/Oct/2023:09:57:31 +0000] "GET /api/v1/comments?select=userId%20bookId%20comments&sort=-userId&userId=2&page=2&limit=10 HTTP/1.1" 200 285 "-" "PostmanRuntime/7.33.0"
::1 - - [21/Oct/2023:09:57:37 +0000] "GET /api/v1/comments?select=userId%20bookId%20comments&sort=-userId&userId=2&page=2&limit=2 HTTP/1.1" 200 296 "-" "PostmanRuntime/7.33.0"
::1 - - [21/Oct/2023:09:58:02 +0000] "GET /api/v1/comments?select=userId%20bookId%20comments&sort=-userId&userId=2&page=6&limit=1 HTTP/1.1" 200 296 "-" "PostmanRuntime/7.33.0"
::1 - - [21/Oct/2023:09:58:09 +0000] "GET /api/v1/comments?select=userId%20bookId%20comments&sort=-userId&userId=1&page=6&limit=1 HTTP/1.1" 200 462 "-" "PostmanRuntime/7.33.0"
::1 - - [21/Oct/2023:09:58:28 +0000] "GET /api/v1/comments?select=userId%20bookId%20comments&sort=-userId&userId=1&page=1&limit=1 HTTP/1.1" 200 449 "-" "PostmanRuntime/7.33.0"
::1 - - [21/Oct/2023:10:02:05 +0000] "GET /api/v1/comments?select=userId&sort=-userId&userId=1&page=2&limit=1 HTTP/1.1" 200 241 "-" "PostmanRuntime/7.33.0"
::1 - - [21/Oct/2023:10:02:27 +0000] "GET /api/v1/comments?select=userId&sort=-userId&limit=1 HTTP/1.1" 200 255 "-" "PostmanRuntime/7.33.0"
::1 - - [21/Oct/2023:10:04:10 +0000] "GET /api/v1/comments?select=userId&sort=-userId&page=1&limit=1 HTTP/1.1" 200 187 "-" "PostmanRuntime/7.33.0"
::1 - - [21/Oct/2023:10:04:17 +0000] "GET /api/v1/comments?select=userId&sort=-userId&page=1&limit=2 HTTP/1.1" 200 200 "-" "PostmanRuntime/7.33.0"
::1 - - [21/Oct/2023:10:04:26 +0000] "GET /api/v1/comments?select=userId&sort=-userId&page=2&limit=2 HTTP/1.1" 200 213 "-" "PostmanRuntime/7.33.0"
::1 - - [21/Oct/2023:10:05:58 +0000] "GET /api/v1/comments?select=userId%20comment&sort=-userId&page=2&limit=2 HTTP/1.1" 500 609 "-" "PostmanRuntime/7.33.0"
::1 - - [21/Oct/2023:10:06:01 +0000] "GET /api/v1/comments?select=userId%20comments&sort=-userId&page=2&limit=2 HTTP/1.1" 200 301 "-" "PostmanRuntime/7.33.0"
::1 - - [21/Oct/2023:10:06:12 +0000] "GET /api/v1/comments?select=userId%20comments&sort=-userId&page=1&limit=2 HTTP/1.1" 200 260 "-" "PostmanRuntime/7.33.0"
::1 - - [21/Oct/2023:10:06:20 +0000] "GET /api/v1/comments?select=userId%20comments&sort=-userId&page=2&limit=2 HTTP/1.1" 200 301 "-" "PostmanRuntime/7.33.0"
::1 - - [21/Oct/2023:10:06:33 +0000] "GET /api/v1/comments?select=userId%20comments&sort=-userId&page=3&limit=2 HTTP/1.1" 200 272 "-" "PostmanRuntime/7.33.0"
::1 - - [21/Oct/2023:10:06:42 +0000] "GET /api/v1/comments?select=userId%20comments&sort=-userId&page=4&limit=2 HTTP/1.1" 200 218 "-" "PostmanRuntime/7.33.0"
::1 - - [21/Oct/2023:10:06:57 +0000] "GET /api/v1/comments?select=userId%20comments&sort=-userId&limit=2 HTTP/1.1" 200 260 "-" "PostmanRuntime/7.33.0"
::1 - - [21/Oct/2023:10:07:15 +0000] "GET /api/v1/comments?select=userId%20comments&sort=-userId HTTP/1.1" 200 363 "-" "PostmanRuntime/7.33.0"
::1 - - [21/Oct/2023:10:08:08 +0000] "GET /api/v1/comments?select=userId%20comments&sort=comment HTTP/1.1" 200 363 "-" "PostmanRuntime/7.33.0"
::1 - - [21/Oct/2023:10:11:11 +0000] "GET /api/v1/comments?select=userId%20comments&sort=comment HTTP/1.1" 500 93 "-" "PostmanRuntime/7.33.0"
::1 - - [21/Oct/2023:10:11:39 +0000] "GET /api/v1/comments?select=userId%20comments&sort=comment HTTP/1.1" 200 381 "-" "PostmanRuntime/7.33.0"
::1 - - [21/Oct/2023:10:12:16 +0000] "GET /api/v1/comments?select=userId%20comments&sort=comment%20-userId HTTP/1.1" 200 391 "-" "PostmanRuntime/7.33.0"
::1 - - [21/Oct/2023:10:13:56 +0000] "GET /api/v1/comments?select=userId%20comments&sort=comment%20-userId HTTP/1.1" 200 407 "-" "PostmanRuntime/7.33.0"
::1 - - [21/Oct/2023:10:14:57 +0000] "GET /api/v1/comments?select=userId%20comments&sort=comment%20-userId HTTP/1.1" 200 409 "-" "PostmanRuntime/7.33.0"
::1 - - [21/Oct/2023:10:15:13 +0000] "GET /api/v1/comments?select=userId%20comments&sort=comment%20-userId HTTP/1.1" 200 408 "-" "PostmanRuntime/7.33.0"
::1 - - [21/Oct/2023:10:17:45 +0000] "GET /api/v1/comments?select=userId%20comments&sort=comment%20-userId HTTP/1.1" 200 403 "-" "PostmanRuntime/7.33.0"
::1 - - [21/Oct/2023:10:18:44 +0000] "GET /api/v1/comments?select=userId%20comments&sort=comment%20-userId HTTP/1.1" 200 403 "-" "PostmanRuntime/7.33.0"
::1 - - [21/Oct/2023:10:18:52 +0000] "GET /api/v1/comments?select=userId%20comments&sort=-comment%20-userId HTTP/1.1" 200 399 "-" "PostmanRuntime/7.33.0"
::1 - - [21/Oct/2023:10:18:57 +0000] "GET /api/v1/comments?select=userId%20comments&sort=comment%20-userId HTTP/1.1" 200 403 "-" "PostmanRuntime/7.33.0"
::1 - - [21/Oct/2023:10:19:14 +0000] "GET /api/v1/comments?select=userId%20comments&sort=comment%20-userId HTTP/1.1" 200 404 "-" "PostmanRuntime/7.33.0"
::1 - - [21/Oct/2023:10:19:43 +0000] "GET /api/v1/comments?select=userId%20comments&sort=comment%20-userId HTTP/1.1" 500 103 "-" "PostmanRuntime/7.33.0"
::1 - - [21/Oct/2023:10:20:44 +0000] "GET /api/v1/comments?select=userId%20comments&sort=comment HTTP/1.1" 500 741 "-" "PostmanRuntime/7.33.0"
::1 - - [21/Oct/2023:10:20:57 +0000] "GET /api/v1/comments?select=userId%20comments&sort=comments HTTP/1.1" 200 365 "-" "PostmanRuntime/7.33.0"
::1 - - [21/Oct/2023:10:21:08 +0000] "GET /api/v1/comments?select=userId%20comments&sort=comments%20-userId HTTP/1.1" 500 103 "-" "PostmanRuntime/7.33.0"
::1 - - [21/Oct/2023:10:21:16 +0000] "GET /api/v1/comments?select=userId%20comments&sort=-userId HTTP/1.1" 500 103 "-" "PostmanRuntime/7.33.0"
::1 - - [21/Oct/2023:10:21:21 +0000] "GET /api/v1/comments?select=userId%20comments&sort=-comments HTTP/1.1" 500 103 "-" "PostmanRuntime/7.33.0"
::1 - - [21/Oct/2023:10:21:28 +0000] "GET /api/v1/comments?select=userId%20comments&sort=comments%20userId HTTP/1.1" 200 382 "-" "PostmanRuntime/7.33.0"
::1 - - [21/Oct/2023:10:22:01 +0000] "GET /api/v1/comments?select=userId%20comments&sort=-comments%20userId HTTP/1.1" 500 762 "-" "PostmanRuntime/7.33.0"
::1 - - [21/Oct/2023:10:22:54 +0000] "GET /api/v1/comments?select=userId%20comments&sort=-userId HTTP/1.1" 500 711 "-" "PostmanRuntime/7.33.0"
::1 - - [21/Oct/2023:10:23:03 +0000] "GET /api/v1/comments?select=userId%20comments&sort=-userId HTTP/1.1" 200 381 "-" "PostmanRuntime/7.33.0"
::1 - - [21/Oct/2023:10:23:15 +0000] "GET /api/v1/comments?select=userId%20comments&sort=-userId%20comments HTTP/1.1" 200 389 "-" "PostmanRuntime/7.33.0"
::1 - - [21/Oct/2023:10:23:30 +0000] "GET /api/v1/comments?select=userId%20comments&sort=-userId%20comments&limit=10 HTTP/1.1" 200 485 "-" "PostmanRuntime/7.33.0"
::1 - - [21/Oct/2023:10:23:41 +0000] "GET /api/v1/comments?select=userId%20comments&sort=userId%20comments&limit=10 HTTP/1.1" 200 484 "-" "PostmanRuntime/7.33.0"
::1 - - [21/Oct/2023:10:23:57 +0000] "GET /api/v1/comments?select=userId%20comments&sort=-userId&limit=10 HTTP/1.1" 200 477 "-" "PostmanRuntime/7.33.0"
::1 - - [21/Oct/2023:10:26:43 +0000] "GET /api/v1/comments?select=userId%20comments&sort=-userId&limit=10 HTTP/1.1" 200 487 "-" "PostmanRuntime/7.33.0"
::1 - - [21/Oct/2023:10:27:52 +0000] "GET /api/v1/comments?select=userId%20comments&sort=-userId&limit=10 HTTP/1.1" 200 486 "-" "PostmanRuntime/7.33.0"
::1 - - [21/Oct/2023:10:28:17 +0000] "GET /api/v1/comments?select=userId%20comments&sort=-userId&limit=10 HTTP/1.1" 200 487 "-" "PostmanRuntime/7.33.0"
::1 - - [21/Oct/2023:10:28:28 +0000] "GET /api/v1/comments?select=userId%20comments&sort=-userId%20comments&limit=10 HTTP/1.1" 200 506 "-" "PostmanRuntime/7.33.0"
::1 - - [21/Oct/2023:10:29:16 +0000] "GET /api/v1/comments HTTP/1.1" 200 712 "-" "PostmanRuntime/7.33.0"
::1 - - [21/Oct/2023:10:32:12 +0000] "GET /api/v1/comments?select=userId%20comments&sort=-userId%20comments&userId=1&page=1&limit=10 HTTP/1.1" 200 302 "-" "PostmanRuntime/7.33.0"
::1 - - [21/Oct/2023:10:34:34 +0000] "GET /api/v1/comments/1 HTTP/1.1" 200 816 "-" "PostmanRuntime/7.33.0"
::1 - - [21/Oct/2023:10:35:20 +0000] "GET /api/v1/comments/1 HTTP/1.1" 200 441 "-" "PostmanRuntime/7.33.0"
::1 - - [21/Oct/2023:10:36:10 +0000] "GET /api/v1/comments/1 HTTP/1.1" 200 396 "-" "PostmanRuntime/7.33.0"
::1 - - [21/Oct/2023:10:36:56 +0000] "GET /api/v1/comments/1 HTTP/1.1" 200 279 "-" "PostmanRuntime/7.33.0"
::1 - - [21/Oct/2023:10:41:21 +0000] "GET /api/v1/comments/1 HTTP/1.1" 200 312 "-" "PostmanRuntime/7.33.0"
::1 - - [21/Oct/2023:10:42:13 +0000] "GET /api/v1/comments/1 HTTP/1.1" 200 422 "-" "PostmanRuntime/7.33.0"
::1 - - [21/Oct/2023:10:43:12 +0000] "GET /api/v1/comments/1 HTTP/1.1" 500 87 "-" "PostmanRuntime/7.33.0"
::1 - - [21/Oct/2023:10:44:21 +0000] "GET /api/v1/comments/1 HTTP/1.1" 200 553 "-" "PostmanRuntime/7.33.0"
::1 - - [21/Oct/2023:10:44:46 +0000] "GET /api/v1/comments/1 HTTP/1.1" 200 553 "-" "PostmanRuntime/7.33.0"
::1 - - [21/Oct/2023:10:44:57 +0000] "GET /api/v1/comments/1 HTTP/1.1" 200 1717 "-" "PostmanRuntime/7.33.0"
::1 - - [21/Oct/2023:10:46:01 +0000] "GET /api/v1/comments/1 HTTP/1.1" 200 422 "-" "PostmanRuntime/7.33.0"
::1 - - [21/Oct/2023:10:46:55 +0000] "GET /api/v1/comments/1 HTTP/1.1" 200 455 "-" "PostmanRuntime/7.33.0"
::1 - - [21/Oct/2023:10:47:23 +0000] "GET /api/v1/comments/1 HTTP/1.1" 500 72 "-" "PostmanRuntime/7.33.0"
::1 - - [21/Oct/2023:10:47:43 +0000] "GET /api/v1/comments/1 HTTP/1.1" 500 72 "-" "PostmanRuntime/7.33.0"
::1 - - [21/Oct/2023:10:48:40 +0000] "GET /api/v1/comments/1 HTTP/1.1" 200 455 "-" "PostmanRuntime/7.33.0"
::1 - - [21/Oct/2023:10:49:05 +0000] "GET /api/v1/comments/1 HTTP/1.1" 200 549 "-" "PostmanRuntime/7.33.0"
::1 - - [21/Oct/2023:10:49:38 +0000] "GET /api/v1/comments/1 HTTP/1.1" 200 549 "-" "PostmanRuntime/7.33.0"
::1 - - [21/Oct/2023:10:50:13 +0000] "GET /api/v1/comments/1 HTTP/1.1" 200 549 "-" "PostmanRuntime/7.33.0"
::1 - - [21/Oct/2023:10:50:35 +0000] "GET /api/v1/comments/10 HTTP/1.1" 200 524 "-" "PostmanRuntime/7.33.0"
::1 - - [21/Oct/2023:10:50:57 +0000] "GET /api/v1/comments/10 HTTP/1.1" 200 524 "-" "PostmanRuntime/7.33.0"
::1 - - [21/Oct/2023:10:50:59 +0000] "GET /api/v1/comments/10 HTTP/1.1" 200 524 "-" "PostmanRuntime/7.33.0"
::1 - - [21/Oct/2023:11:13:26 +0000] "GET /api/v1/comments/10 HTTP/1.1" 200 347 "-" "PostmanRuntime/7.33.0"
::1 - - [21/Oct/2023:11:13:35 +0000] "GET /api/v1/comments/10 HTTP/1.1" 200 330 "-" "PostmanRuntime/7.33.0"
::1 - - [21/Oct/2023:11:19:35 +0000] "GET /api/v1/users/2/comments HTTP/1.1" 200 162 "-" "PostmanRuntime/7.33.0"
::1 - - [21/Oct/2023:11:20:30 +0000] "GET /api/v1/users/2/comments HTTP/1.1" 500 74 "-" "PostmanRuntime/7.33.0"
::1 - - [21/Oct/2023:11:21:08 +0000] "GET /api/v1/users/2/comments HTTP/1.1" 500 74 "-" "PostmanRuntime/7.33.0"
::1 - - [21/Oct/2023:11:24:52 +0000] "GET /api/v1/users/2/comments HTTP/1.1" 500 74 "-" "PostmanRuntime/7.33.0"
::1 - - [21/Oct/2023:11:26:22 +0000] "GET /api/v1/users/2/comments HTTP/1.1" 200 390 "-" "PostmanRuntime/7.33.0"
::1 - - [21/Oct/2023:11:30:04 +0000] "GET /api/v1/book/2/comments HTTP/1.1" 404 161 "-" "PostmanRuntime/7.33.0"
::1 - - [21/Oct/2023:11:30:43 +0000] "GET /api/v1/books/2/comments HTTP/1.1" 500 59 "-" "PostmanRuntime/7.33.0"
::1 - - [21/Oct/2023:11:30:48 +0000] "GET /api/v1/books/1/comments HTTP/1.1" 500 59 "-" "PostmanRuntime/7.33.0"
::1 - - [21/Oct/2023:11:30:51 +0000] "GET /api/v1/books/3/comments HTTP/1.1" 500 59 "-" "PostmanRuntime/7.33.0"
::1 - - [21/Oct/2023:11:32:48 +0000] "GET /api/v1/books/1/comments HTTP/1.1" 500 59 "-" "PostmanRuntime/7.33.0"
::1 - - [21/Oct/2023:11:33:12 +0000] "GET /api/v1/books/1/comments HTTP/1.1" 200 816 "-" "PostmanRuntime/7.33.0"
::1 - - [21/Oct/2023:11:33:41 +0000] "GET /api/v1/books/2/comments HTTP/1.1" 200 118 "-" "PostmanRuntime/7.33.0"
::1 - - [21/Oct/2023:11:33:45 +0000] "GET /api/v1/books/3/comments HTTP/1.1" 200 379 "-" "PostmanRuntime/7.33.0"
::1 - - [21/Oct/2023:11:34:03 +0000] "GET /api/v1/user/3/comments HTTP/1.1" 404 161 "-" "PostmanRuntime/7.33.0"
::1 - - [21/Oct/2023:11:34:10 +0000] "GET /api/v1/users/3/comments HTTP/1.1" 200 137 "-" "PostmanRuntime/7.33.0"
::1 - - [21/Oct/2023:11:34:16 +0000] "GET /api/v1/users/1/comments HTTP/1.1" 200 828 "-" "PostmanRuntime/7.33.0"
::1 - - [21/Oct/2023:11:35:43 +0000] "GET /api/v1/books/3/comments HTTP/1.1" 500 63 "-" "PostmanRuntime/7.33.0"
::1 - - [21/Oct/2023:11:35:55 +0000] "GET /api/v1/books/3/comments HTTP/1.1" 200 101 "-" "PostmanRuntime/7.33.0"
::1 - - [21/Oct/2023:11:36:47 +0000] "GET /api/v1/books/3/comments HTTP/1.1" 200 379 "-" "PostmanRuntime/7.33.0"
::1 - - [22/Oct/2023:04:40:44 +0000] "GET /api/v1/books/3/comments HTTP/1.1" 200 333 "-" "PostmanRuntime/7.34.0"
::1 - - [22/Oct/2023:04:41:29 +0000] "GET /api/v1/books/1/comments HTTP/1.1" 200 668 "-" "PostmanRuntime/7.34.0"
::1 - - [22/Oct/2023:04:42:38 +0000] "GET /api/v1/users/1/comments HTTP/1.1" 200 684 "-" "PostmanRuntime/7.34.0"
::1 - - [22/Oct/2023:04:46:24 +0000] "GET /api/v1/users/1/comments HTTP/1.1" 200 684 "-" "PostmanRuntime/7.34.0"
::1 - - [22/Oct/2023:04:48:53 +0000] "GET /api/v1/users/1/comments HTTP/1.1" 200 684 "-" "PostmanRuntime/7.34.0"
::1 - - [22/Oct/2023:04:49:42 +0000] "GET /api/v1/users/1/comments HTTP/1.1" 200 683 "-" "PostmanRuntime/7.34.0"
::1 - - [22/Oct/2023:04:49:44 +0000] "GET /api/v1/users/1/comments HTTP/1.1" 200 683 "-" "PostmanRuntime/7.34.0"
::1 - - [22/Oct/2023:04:50:13 +0000] "GET /api/v1/users/1/comments HTTP/1.1" 200 828 "-" "PostmanRuntime/7.34.0"
::1 - - [22/Oct/2023:04:50:22 +0000] "GET /api/v1/books/1/comments HTTP/1.1" 200 816 "-" "PostmanRuntime/7.34.0"
::1 - - [22/Oct/2023:04:51:38 +0000] "GET /api/v1/books/1/comments HTTP/1.1" 500 63 "-" "PostmanRuntime/7.34.0"
::1 - - [22/Oct/2023:04:51:59 +0000] "GET /api/v1/books/1/comments HTTP/1.1" 200 668 "-" "PostmanRuntime/7.34.0"
::1 - - [22/Oct/2023:04:52:12 +0000] "GET /api/v1/comments HTTP/1.1" 200 541 "-" "PostmanRuntime/7.34.0"
::1 - - [22/Oct/2023:04:52:21 +0000] "GET /api/v1/comments HTTP/1.1" 200 667 "-" "PostmanRuntime/7.34.0"
::1 - - [22/Oct/2023:04:53:00 +0000] "GET /api/v1/comments HTTP/1.1" 200 667 "-" "PostmanRuntime/7.34.0"
::1 - - [22/Oct/2023:04:54:20 +0000] "GET /api/v1/comments HTTP/1.1" 200 667 "-" "PostmanRuntime/7.34.0"
::1 - - [22/Oct/2023:04:54:27 +0000] "GET /api/v1/books/1/comments HTTP/1.1" 200 816 "-" "PostmanRuntime/7.34.0"
::1 - - [22/Oct/2023:04:55:00 +0000] "POST /api/v1/comments HTTP/1.1" 200 224 "-" "PostmanRuntime/7.34.0"
::1 - - [22/Oct/2023:04:58:26 +0000] "POST /api/v1/comments HTTP/1.1" 200 194 "-" "PostmanRuntime/7.34.0"
::1 - - [22/Oct/2023:05:02:43 +0000] "GET /api/v1/users HTTP/1.1" 200 695 "-" "PostmanRuntime/7.34.0"
::1 - - [22/Oct/2023:05:03:01 +0000] "GET /api/v1/users/1/comments HTTP/1.1" 200 890 "-" "PostmanRuntime/7.34.0"
::1 - - [22/Oct/2023:05:03:19 +0000] "GET /api/v1/users/2/comments HTTP/1.1" 200 798 "-" "PostmanRuntime/7.34.0"
::1 - - [22/Oct/2023:05:35:03 +0000] "GET /api/v1/users/652d411aed5e3b1340954617 HTTP/1.1" 200 178 "-" "PostmanRuntime/7.34.0"
::1 - - [22/Oct/2023:05:35:28 +0000] "GET /api/v1/comments HTTP/1.1" 200 667 "-" "PostmanRuntime/7.34.0"
::1 - - [22/Oct/2023:05:35:42 +0000] "GET /api/v1/users/2/comments HTTP/1.1" 200 798 "-" "PostmanRuntime/7.34.0"
::1 - - [22/Oct/2023:05:44:49 +0000] "PUT /api/v1/comments/1 HTTP/1.1" 200 178 "-" "PostmanRuntime/7.34.0"
::1 - - [22/Oct/2023:05:45:34 +0000] "GET /api/v1/books/2 HTTP/1.1" 500 226 "-" "PostmanRuntime/7.34.0"
::1 - - [22/Oct/2023:05:45:49 +0000] "GET /api/v1/books/652d374a9ca7844d980cb9a4 HTTP/1.1" 404 127 "-" "PostmanRuntime/7.34.0"
::1 - - [22/Oct/2023:05:46:08 +0000] "PUT /api/v1/comments/3 HTTP/1.1" 200 187 "-" "PostmanRuntime/7.34.0"
::1 - - [22/Oct/2023:05:46:20 +0000] "PUT /api/v1/comments/4 HTTP/1.1" 400 105 "-" "PostmanRuntime/7.34.0"
::1 - - [22/Oct/2023:05:46:30 +0000] "PUT /api/v1/comments/5 HTTP/1.1" 400 105 "-" "PostmanRuntime/7.34.0"
::1 - - [22/Oct/2023:05:46:47 +0000] "PUT /api/v1/comments/7 HTTP/1.1" 200 193 "-" "PostmanRuntime/7.34.0"
::1 - - [22/Oct/2023:05:50:49 +0000] "GET /api/v1/comments/11 HTTP/1.1" 400 106 "-" "PostmanRuntime/7.34.0"
::1 - - [22/Oct/2023:05:50:53 +0000] "GET /api/v1/comments/7 HTTP/1.1" 500 57 "-" "PostmanRuntime/7.34.0"
::1 - - [22/Oct/2023:05:51:01 +0000] "GET /api/v1/comments/1 HTTP/1.1" 500 57 "-" "PostmanRuntime/7.34.0"
::1 - - [22/Oct/2023:05:51:17 +0000] "GET /api/v1/comments/1 HTTP/1.1" 500 57 "-" "PostmanRuntime/7.34.0"
::1 - - [22/Oct/2023:05:51:47 +0000] "GET /api/v1/comments/1 HTTP/1.1" 500 57 "-" "PostmanRuntime/7.34.0"
::1 - - [22/Oct/2023:05:52:20 +0000] "GET /api/v1/comments/1 HTTP/1.1" 200 1084 "-" "PostmanRuntime/7.34.0"
::1 - - [22/Oct/2023:05:54:17 +0000] "GET /api/v1/comments/1 HTTP/1.1" 200 765 "-" "PostmanRuntime/7.34.0"
::1 - - [22/Oct/2023:05:54:48 +0000] "GET /api/v1/comments/1 HTTP/1.1" 200 711 "-" "PostmanRuntime/7.34.0"
::1 - - [22/Oct/2023:05:56:20 +0000] "GET /api/v1/comments/1 HTTP/1.1" 200 1025 "-" "PostmanRuntime/7.34.0"
::1 - - [22/Oct/2023:05:56:25 +0000] "GET /api/v1/comments/2 HTTP/1.1" 200 1008 "-" "PostmanRuntime/7.34.0"
::1 - - [22/Oct/2023:06:02:00 +0000] "GET /api/v1/comments/2 HTTP/1.1" 200 427 "-" "PostmanRuntime/7.34.0"
::1 - - [22/Oct/2023:06:06:28 +0000] "POST /api/v1/comments HTTP/1.1" 500 1166 "-" "PostmanRuntime/7.34.0"
::1 - - [22/Oct/2023:06:06:44 +0000] "POST /api/v1/comments HTTP/1.1" 200 163 "-" "PostmanRuntime/7.34.0"
::1 - - [22/Oct/2023:06:08:42 +0000] "POST /api/v1/comments HTTP/1.1" 500 71 "-" "PostmanRuntime/7.34.0"
::1 - - [22/Oct/2023:06:09:05 +0000] "POST /api/v1/comments HTTP/1.1" 500 1082 "-" "PostmanRuntime/7.34.0"
::1 - - [22/Oct/2023:06:09:13 +0000] "POST /api/v1/comments HTTP/1.1" 500 1534 "-" "PostmanRuntime/7.34.0"
::1 - - [22/Oct/2023:06:09:32 +0000] "POST /api/v1/comments HTTP/1.1" 500 536 "-" "PostmanRuntime/7.34.0"
::1 - - [22/Oct/2023:06:09:38 +0000] "POST /api/v1/comments HTTP/1.1" 200 151 "-" "PostmanRuntime/7.34.0"
::1 - - [22/Oct/2023:06:11:26 +0000] "POST /api/v1/comments HTTP/1.1" 500 576 "-" "PostmanRuntime/7.34.0"
::1 - - [22/Oct/2023:06:11:40 +0000] "POST /api/v1/comments HTTP/1.1" 500 576 "-" "PostmanRuntime/7.34.0"
::1 - - [22/Oct/2023:06:36:20 +0000] "GET /api/v1/users/1/comments HTTP/1.1" 200 930 "-" "PostmanRuntime/7.34.0"
::1 - - [22/Oct/2023:06:37:41 +0000] "PUT /api/v1/books/65264fe0a9c4af3fe4bf41a0/upload-pic HTTP/1.1" 400 117 "-" "PostmanRuntime/7.34.0"
::1 - - [22/Oct/2023:06:37:46 +0000] "GET /api/v1/books/ HTTP/1.1" 200 7157 "-" "PostmanRuntime/7.34.0"
::1 - - [22/Oct/2023:06:37:51 +0000] "PUT /api/v1/books/652d4726c201550740538e09/upload-pic HTTP/1.1" 200 113 "-" "PostmanRuntime/7.34.0"
::1 - - [25/Oct/2023:06:27:02 +0000] "GET /api/v1/books/ HTTP/1.1" 200 7181 "-" "PostmanRuntime/7.34.0"
::1 - - [30/Oct/2023:06:30:04 +0000] "GET /api/v1/books/ HTTP/1.1" 200 7181 "-" "PostmanRuntime/7.34.0"
::1 - - [30/Oct/2023:06:30:14 +0000] "GET /index.html HTTP/1.1" 404 149 "-" "Mozilla/5.0 (Windows NT 10.0; Win64; x64) AppleWebKit/537.36 (KHTML, like Gecko) Chrome/118.0.0.0 Safari/537.36"
::1 - - [30/Oct/2023:06:30:58 +0000] "GET /api/books HTTP/1.1" 404 148 "-" "Mozilla/5.0 (Windows NT 10.0; Win64; x64) AppleWebKit/537.36 (KHTML, like Gecko) Chrome/118.0.0.0 Safari/537.36"
::1 - - [30/Oct/2023:06:31:12 +0000] "GET /api/vi/books HTTP/1.1" 404 151 "-" "Mozilla/5.0 (Windows NT 10.0; Win64; x64) AppleWebKit/537.36 (KHTML, like Gecko) Chrome/118.0.0.0 Safari/537.36"
::1 - - [30/Oct/2023:06:31:14 +0000] "GET /api/vi/books HTTP/1.1" 404 151 "-" "Mozilla/5.0 (Windows NT 10.0; Win64; x64) AppleWebKit/537.36 (KHTML, like Gecko) Chrome/118.0.0.0 Safari/537.36"
::1 - - [30/Oct/2023:06:31:28 +0000] "GET /api/v1/books HTTP/1.1" 401 262 "-" "Mozilla/5.0 (Windows NT 10.0; Win64; x64) AppleWebKit/537.36 (KHTML, like Gecko) Chrome/118.0.0.0 Safari/537.36"
::1 - - [30/Oct/2023:06:31:29 +0000] "GET /favicon.ico HTTP/1.1" 404 150 "http://localhost:8000/api/v1/books" "Mozilla/5.0 (Windows NT 10.0; Win64; x64) AppleWebKit/537.36 (KHTML, like Gecko) Chrome/118.0.0.0 Safari/537.36"
::1 - - [30/Oct/2023:06:31:54 +0000] "GET /api/v1/users/login HTTP/1.1" 401 262 "-" "Mozilla/5.0 (Windows NT 10.0; Win64; x64) AppleWebKit/537.36 (KHTML, like Gecko) Chrome/118.0.0.0 Safari/537.36"
::1 - - [30/Oct/2023:06:31:57 +0000] "GET /api/v1/users/login HTTP/1.1" 401 262 "-" "Mozilla/5.0 (Windows NT 10.0; Win64; x64) AppleWebKit/537.36 (KHTML, like Gecko) Chrome/118.0.0.0 Safari/537.36"
::1 - - [30/Oct/2023:06:31:58 +0000] "GET /api/v1/users/login HTTP/1.1" 401 262 "-" "Mozilla/5.0 (Windows NT 10.0; Win64; x64) AppleWebKit/537.36 (KHTML, like Gecko) Chrome/118.0.0.0 Safari/537.36"
::1 - - [30/Oct/2023:06:32:02 +0000] "POST /api/v1/users/login HTTP/1.1" 200 439 "-" "PostmanRuntime/7.34.0"
::1 - - [30/Oct/2023:06:32:06 +0000] "GET /api/v1/users/login HTTP/1.1" 401 262 "-" "Mozilla/5.0 (Windows NT 10.0; Win64; x64) AppleWebKit/537.36 (KHTML, like Gecko) Chrome/118.0.0.0 Safari/537.36"
::1 - - [30/Oct/2023:06:32:14 +0000] "GET /api/v1/books HTTP/1.1" 401 262 "-" "Mozilla/5.0 (Windows NT 10.0; Win64; x64) AppleWebKit/537.36 (KHTML, like Gecko) Chrome/118.0.0.0 Safari/537.36"
::1 - - [30/Oct/2023:06:33:10 +0000] "GET /api/v1/books HTTP/1.1" 401 262 "-" "Mozilla/5.0 (Windows NT 10.0; Win64; x64) AppleWebKit/537.36 (KHTML, like Gecko) Chrome/118.0.0.0 Safari/537.36"
::1 - - [30/Oct/2023:06:33:11 +0000] "GET /api/v1/books HTTP/1.1" 401 262 "-" "Mozilla/5.0 (Windows NT 10.0; Win64; x64) AppleWebKit/537.36 (KHTML, like Gecko) Chrome/118.0.0.0 Safari/537.36"
::1 - - [30/Oct/2023:06:40:45 +0000] "GET //api/v1/users/login HTTP/1.1" 404 158 "-" "Mozilla/5.0 (Windows NT 10.0; Win64; x64) AppleWebKit/537.36 (KHTML, like Gecko) Chrome/118.0.0.0 Safari/537.36"
::1 - - [30/Oct/2023:06:40:50 +0000] "GET /api/v1/users/login HTTP/1.1" 401 262 "-" "Mozilla/5.0 (Windows NT 10.0; Win64; x64) AppleWebKit/537.36 (KHTML, like Gecko) Chrome/118.0.0.0 Safari/537.36"
::1 - - [30/Oct/2023:06:41:16 +0000] "GET /api/v1/users/login/eyJhbGciOiJIUzI1NiIsInR5cCI6IkpXVCJ9.eyJpZCI6IjY1MmQzYzljMDU1MzU0MDlkYzk2NWE0ZiIsInJvbGUiOiJhZG1pbiIsImlhdCI6MTY5ODY0NzUyMiwiZXhwIjoxNzAxMjM5NTIyfQ.oLcPNeVoGhWathIPRYFIxBAkpIxZc7ywLb6A2X4vKy8 HTTP/1.1" 401 262 "-" "Mozilla/5.0 (Windows NT 10.0; Win64; x64) AppleWebKit/537.36 (KHTML, like Gecko) Chrome/118.0.0.0 Safari/537.36"
::1 - - [30/Oct/2023:06:41:22 +0000] "GET /api/v1/users/login/ HTTP/1.1" 401 262 "-" "Mozilla/5.0 (Windows NT 10.0; Win64; x64) AppleWebKit/537.36 (KHTML, like Gecko) Chrome/118.0.0.0 Safari/537.36"
::1 - - [30/Oct/2023:06:41:25 +0000] "GET /api/v1/users/register/ HTTP/1.1" 401 262 "-" "Mozilla/5.0 (Windows NT 10.0; Win64; x64) AppleWebKit/537.36 (KHTML, like Gecko) Chrome/118.0.0.0 Safari/537.36"
::1 - - [30/Oct/2023:06:41:43 +0000] "GET /api/v1/users/register HTTP/1.1" 401 262 "-" "Mozilla/5.0 (Windows NT 10.0; Win64; x64) AppleWebKit/537.36 (KHTML, like Gecko) Chrome/118.0.0.0 Safari/537.36"
::1 - - [30/Oct/2023:06:42:10 +0000] "GET /api/v1/userss HTTP/1.1" 404 152 "-" "Mozilla/5.0 (Windows NT 10.0; Win64; x64) AppleWebKit/537.36 (KHTML, like Gecko) Chrome/118.0.0.0 Safari/537.36"
::1 - - [30/Oct/2023:06:42:15 +0000] "GET /api/v1/users HTTP/1.1" 401 262 "-" "Mozilla/5.0 (Windows NT 10.0; Win64; x64) AppleWebKit/537.36 (KHTML, like Gecko) Chrome/118.0.0.0 Safari/537.36"
::1 - - [30/Oct/2023:06:42:23 +0000] "GET /api/v1/users/login HTTP/1.1" 401 262 "-" "Mozilla/5.0 (Windows NT 10.0; Win64; x64) AppleWebKit/537.36 (KHTML, like Gecko) Chrome/118.0.0.0 Safari/537.36"
::1 - - [30/Oct/2023:06:42:25 +0000] "GET /api/v1/users/login HTTP/1.1" 401 262 "-" "Mozilla/5.0 (Windows NT 10.0; Win64; x64) AppleWebKit/537.36 (KHTML, like Gecko) Chrome/118.0.0.0 Safari/537.36"
::1 - - [30/Oct/2023:06:42:32 +0000] "GET /api/v1/users/register HTTP/1.1" 401 262 "-" "Mozilla/5.0 (Windows NT 10.0; Win64; x64) AppleWebKit/537.36 (KHTML, like Gecko) Chrome/118.0.0.0 Safari/537.36"
::1 - - [30/Oct/2023:06:56:29 +0000] "GET /api/v1/books HTTP/1.1" 200 7181 "-" "Mozilla/5.0 (Windows NT 10.0; Win64; x64) AppleWebKit/537.36 (KHTML, like Gecko) Chrome/118.0.0.0 Safari/537.36"
::1 - - [30/Oct/2023:06:56:48 +0000] "GET /api/v1/books HTTP/1.1" 304 - "-" "Mozilla/5.0 (Windows NT 10.0; Win64; x64) AppleWebKit/537.36 (KHTML, like Gecko) Chrome/118.0.0.0 Safari/537.36"
::1 - - [30/Oct/2023:06:57:08 +0000] "GET /api/v1/books HTTP/1.1" 401 262 "-" "Mozilla/5.0 (Windows NT 10.0; Win64; x64) AppleWebKit/537.36 (KHTML, like Gecko) Chrome/118.0.0.0 Safari/537.36"
::1 - - [30/Oct/2023:07:10:59 +0000] "GET /api/v1/books HTTP/1.1" 304 - "-" "Mozilla/5.0 (Windows NT 10.0; Win64; x64) AppleWebKit/537.36 (KHTML, like Gecko) Chrome/118.0.0.0 Safari/537.36"
::1 - - [30/Oct/2023:07:11:15 +0000] "GET /api/v1/books HTTP/1.1" 200 7181 "http://127.0.0.1:5500/" "Mozilla/5.0 (Windows NT 10.0; Win64; x64) AppleWebKit/537.36 (KHTML, like Gecko) Chrome/118.0.0.0 Safari/537.36"
::1 - - [30/Oct/2023:07:11:16 +0000] "GET /api/v1/books HTTP/1.1" 200 7181 "http://127.0.0.1:5500/" "Mozilla/5.0 (Windows NT 10.0; Win64; x64) AppleWebKit/537.36 (KHTML, like Gecko) Chrome/118.0.0.0 Safari/537.36"
::1 - - [30/Oct/2023:07:11:29 +0000] "GET /api/v1/books HTTP/1.1" 200 7181 "http://127.0.0.1:5500/" "Mozilla/5.0 (Windows NT 10.0; Win64; x64) AppleWebKit/537.36 (KHTML, like Gecko) Chrome/118.0.0.0 Safari/537.36"
::1 - - [30/Oct/2023:07:14:59 +0000] "GET /api/v1/books HTTP/1.1" 200 7181 "http://127.0.0.1:5500/" "Mozilla/5.0 (Windows NT 10.0; Win64; x64) AppleWebKit/537.36 (KHTML, like Gecko) Chrome/118.0.0.0 Safari/537.36"
::1 - - [30/Oct/2023:07:18:48 +0000] "GET /api/v1/books HTTP/1.1" 304 - "http://localhost:5500/" "Mozilla/5.0 (Windows NT 10.0; Win64; x64) AppleWebKit/537.36 (KHTML, like Gecko) Chrome/118.0.0.0 Safari/537.36"
::1 - - [30/Oct/2023:07:19:14 +0000] "GET /api/v1/books HTTP/1.1" 304 - "http://localhost:5500/" "Mozilla/5.0 (Windows NT 10.0; Win64; x64) AppleWebKit/537.36 (KHTML, like Gecko) Chrome/118.0.0.0 Safari/537.36"
::1 - - [30/Oct/2023:07:22:48 +0000] "GET /api/v1/categories HTTP/1.1" 200 3272 "http://localhost:5501/" "Mozilla/5.0 (Windows NT 10.0; Win64; x64) AppleWebKit/537.36 (KHTML, like Gecko) Chrome/118.0.0.0 Safari/537.36"
::1 - - [31/Oct/2023:11:07:05 +0000] "GET /api/v1/categories/65253cb1caca6f7754d0b1fb/books HTTP/1.1" 200 5390 "-" "PostmanRuntime/7.34.0"
::1 - - [31/Oct/2023:11:07:16 +0000] "POST /api/v1/books/ HTTP/1.1" 500 384 "-" "PostmanRuntime/7.34.0"
::1 - - [31/Oct/2023:11:08:16 +0000] "POST /api/v1/books/ HTTP/1.1" 500 384 "-" "PostmanRuntime/7.34.0"
::1 - - [31/Oct/2023:11:12:19 +0000] "GET /api/v1/books/652d374a9ca7844d980cb9a4 HTTP/1.1" 404 127 "-" "PostmanRuntime/7.34.0"
